678:../LibClockTST/Lib/LibClockTST.lua
0 0 0 0 0 0 0 0 0 0 0 0 0 0 9 9 0 0 0 0 0 9 9 0 9 0 0 0 0 0 0 18 0 0 0 0 0 0 0 0 0 0 0 0 0 0 0 0 0 0 0 0 0 0 0 0 0 0 0 0 0 0 0 0 0 0 0 0 0 0 0 0 0 0 0 0 0 0 0 0 0 0 0 0 0 0 0 0 0 0 0 0 0 0 0 0 0 0 0 0 0 0 0 0 0 0 0 0 0 0 0 0 0 0 0 0 0 0 0 9 0 0 0 0 0 0 0 0 18 0 9 0 0 0 0 18 0 0 9 0 0 0 0 18 0 9 0 0 0 0 0 18 0 0 0 0 0 0 0 0 0 0 0 0 0 0 0 0 0 9 0 0 0 0 0 0 0 0 0 18 0 0 0 0 0 0 0 0 0 0 0 0 0 0 0 0 0 0 0 0 0 0 0 0 0 0 0 0 0 0 0 0 0 0 0 0 0 0 0 0 0 0 0 0 0 0 0 0 0 0 0 0 0 0 0 0 0 0 0 0 0 0 0 0 0 0 0 0 0 0 0 0 0 0 0 0 0 0 0 0 0 0 0 0 0 0 0 0 0 0 0 0 9 0 0 0 0 0 0 0 0 0 18 0 0 0 0 0 0 0 0 0 0 0 0 0 0 0 0 0 0 0 0 0 0 0 0 0 0 0 0 0 0 0 0 0 0 0 0 0 0 0 0 0 0 0 0 0 0 0 0 0 0 0 0 0 0 0 0 0 0 0 0 0 0 0 0 0 0 0 0 0 0 0 0 0 0 0 0 0 0 0 0 0 0 0 0 0 0 0 0 0 0 0 0 0 0 0 0 0 0 0 0 0 0 0 0 0 0 0 0 0 0 0 0 0 0 0 0 0 0 0 0 0 0 0 0 0 0 0 0 0 0 0 0 0 0 0 0 0 0 0 0 0 0 0 0 0 0 0 0 0 0 0 0 0 0 0 0 0 0 0 0 0 0 0 0 0 0 0 0 0 0 0 0 0 0 0 0 0 0 0 0 0 0 0 0 0 0 0 0 0 0 0 0 0 0 0 0 0 0 0 0 0 0 0 0 0 0 0 0 0 0 0 0 0 0 0 0 0 0 0 0 0 0 0 0 0 0 0 0 0 0 0 0 0 0 0 0 0 0 0 0 0 0 0 0 0 0 0 0 0 0 0 0 0 0 0 0 0 0 0 0 0 0 0 0 0 0 0 0 0 0 0 0 0 0 0 0 0 0 0 0 0 0 0 0 0 0 0 0 0 0 0 0 0 0 0 0 0 0 0 0 0 0 0 0 0 0 0 0 0 0 0 0 0 0 0 0 0 0 0 0 0 0 0 0 0 0 0 0 0 0 0 0 0 0 0 0 0 0 0 0 0 0 0 0 0 0 0 0 0 0 0 0 0 0 0 0 0 0 0 0 0 0 0 0 0 0 0 0 0 0 0 0 0 0 0 0 0 0 0 0 0 0 0 0 0 0 0 0 0 0 0 0 0 0 18 
164:./Asset/I18n/en.lua
0 0 0 0 0 0 0 0 6 12 6 6 6 6 6 6 6 6 6 6 6 6 6 6 6 6 6 6 6 6 6 6 6 6 6 6 6 6 6 6 6 6 6 6 6 6 6 6 6 6 6 0 6 6 6 6 6 6 6 6 6 6 6 6 6 6 6 6 6 6 6 6 6 6 6 6 6 6 6 6 6 6 6 6 6 6 6 6 6 6 6 6 6 0 6 0 6 6 0 6 6 6 6 6 6 6 6 6 6 6 6 6 6 6 6 6 6 6 6 6 6 6 6 6 6 6 6 6 6 6 6 6 6 6 6 6 6 6 6 6 6 6 6 6 6 6 6 6 6 6 6 6 6 6 6 6 6 6 6 6 6 6 6 12 
18:./Lib/Core/Compatibility.lua
0 0 0 0 0 0 0 0 0 0 0 0 0 0 89 89 88 178 
287:./Lib/Core/Constants.lua
0 0 0 0 0 0 0 139 0 139 121 139 139 139 139 139 139 139 139 139 139 139 18 139 121 139 139 139 139 139 139 139 139 139 18 139 121 139 139 139 139 139 139 139 139 139 139 139 139 139 139 139 139 139 139 139 139 139 139 139 139 139 139 139 139 139 139 139 139 139 139 139 139 139 139 139 139 139 139 139 139 139 139 139 139 139 139 139 139 139 139 139 139 139 139 139 139 139 139 139 139 139 139 139 139 18 139 121 139 139 139 139 18 139 121 139 139 139 139 139 18 139 121 139 139 139 139 139 139 139 139 139 139 139 139 139 139 139 139 139 139 139 139 139 139 139 139 139 139 139 139 139 139 139 139 139 139 139 139 139 139 139 139 139 139 139 139 139 139 139 139 139 139 139 139 139 139 139 139 139 139 139 139 139 139 139 139 139 139 139 139 139 139 139 139 139 139 139 139 139 139 139 139 139 139 139 139 139 139 139 139 139 139 139 139 139 139 139 139 139 139 139 139 139 139 139 139 139 139 139 139 94 20 22 127 62 2 97 1135 510 1413 831 14 475 34 249 197 24 2 0 4 449 282 892 785 238 233 276 453 95 51 46 17 1 2 951 1173 584 192 69 457 25 12 101 23 3 22 39 25 37 26 42 17 25 7 12 2 
215:./Lib/Core/Settings.lua
0 0 0 0 0 0 0 53 53 0 53 53 53 8 0 0 0 0 0 0 45 79 61 8 0 0 45 44 88 16 0 0 45 129 85 8 0 0 45 97 155 32 0 0 45 79 61 8 0 0 45 44 88 16 0 0 45 79 61 8 0 0 45 44 88 16 0 0 0 45 79 61 8 0 0 45 44 88 16 0 0 0 0 0 0 37 114 79 24 8 0 37 87 146 40 16 0 0 0 0 37 63 56 19 9 4 40 36 75 21 11 5 41 108 66 14 3 0 39 98 152 40 11 5 44 73 63 17 7 6 46 47 83 24 10 7 46 72 63 19 3 2 39 37 75 19 5 2 38 65 55 12 2 0 37 36 74 18 4 0 37 63 55 12 2 0 37 36 74 18 4 0 0 0 2 35 38 80 27 37 38 78 24 39 40 78 24 37 21 14 14 47 14 37 82 59 47 49 45 71 72 46 36 36 36 62 72 46 36 36 36 62 46 80 20 
29:./Lib/Core/Utility.lua
0 0 0 0 0 0 0 0 102 83 1 83 0 36 415 120 508 555 166 281 38 169 409 245 242 0 2 166 164 
299:./Lib/Data/Constants.lua
0 0 0 0 0 0 0 0 229 4 0 450 789 796 796 796 796 796 796 796 796 553 780 796 796 796 796 259 553 780 796 796 796 796 796 796 796 796 796 259 553 780 259 553 780 796 259 553 780 796 796 796 259 553 780 259 553 780 796 796 259 553 780 796 796 796 796 796 796 796 796 796 796 796 796 796 796 796 796 796 796 796 796 796 796 796 796 259 553 780 796 796 796 796 796 796 796 796 796 796 796 796 796 796 796 796 796 796 796 796 796 796 796 796 796 796 796 796 796 796 796 796 796 796 796 796 796 796 796 796 796 796 796 796 796 796 796 796 796 796 796 796 796 796 796 796 796 796 796 796 796 796 796 796 796 796 796 796 796 796 796 796 796 796 796 796 796 796 796 796 796 796 796 796 796 796 796 796 796 796 796 796 796 796 796 796 796 259 553 780 796 259 553 780 796 796 796 796 796 796 796 796 796 796 796 796 796 796 796 796 796 796 796 796 796 796 796 796 796 796 796 796 796 796 796 796 796 796 796 796 796 796 796 796 796 796 796 796 796 796 796 796 796 796 796 796 796 796 796 796 796 796 796 796 796 796 796 796 796 796 796 796 796 796 796 796 796 796 796 796 796 796 796 796 796 796 796 796 796 796 796 796 796 796 796 796 796 796 796 796 796 796 796 796 796 796 577 148 8 
728:./Lib/Data/Settings.lua
0 0 0 0 0 0 0 0 150 150 149 149 149 149 149 0 0 0 0 0 0 0 149 40 149 0 0 0 149 40 189 0 0 0 0 149 40 149 0 0 0 149 34 183 0 0 0 149 33 149 0 0 0 149 33 182 0 0 0 149 33 149 0 0 0 149 33 182 0 0 0 0 0 0 0 149 32 149 0 0 0 149 32 181 0 0 0 149 32 149 0 0 0 149 32 181 0 0 0 149 32 149 0 0 0 149 32 181 0 0 0 149 32 149 0 0 0 149 32 181 0 0 0 149 32 149 0 0 0 149 32 181 0 0 0 149 32 149 0 0 0 149 32 181 0 0 0 149 32 149 0 0 0 149 32 181 0 0 0 149 32 149 0 0 0 149 32 181 0 0 0 149 32 149 0 0 0 149 32 181 0 0 0 149 32 149 0 0 0 149 32 181 0 0 0 149 32 149 0 0 0 149 32 181 0 0 0 149 32 149 0 0 0 149 32 181 0 0 0 149 32 149 0 0 0 149 32 181 0 0 0 0 0 0 0 149 32 149 0 0 0 149 32 181 0 0 0 149 32 149 0 0 0 149 32 181 0 0 0 149 32 149 0 0 0 149 32 181 0 0 0 149 32 149 0 0 0 149 32 181 0 0 0 149 32 149 0 0 0 149 32 181 0 0 0 149 32 149 0 0 0 149 32 181 0 0 0 149 32 149 0 0 0 149 32 181 0 0 0 0 0 0 0 149 31 149 0 0 0 149 31 180 0 0 0 149 31 149 0 0 0 149 31 180 0 0 0 0 0 0 149 31 31 149 0 0 0 0 0 0 149 31 36 27 27 27 33 105 73 0 0 76 98 78 75 0 0 76 98 103 73 0 0 76 98 78 75 0 0 76 98 103 73 0 0 76 98 78 75 0 0 76 98 103 73 0 0 76 98 78 75 0 0 76 98 103 73 0 0 76 98 78 75 0 0 76 92 101 67 0 6 1 6 0 0 76 98 77 74 0 0 76 98 102 73 0 0 76 98 77 74 0 0 76 98 102 73 0 0 76 98 77 74 0 0 76 98 102 73 0 0 76 98 77 74 0 0 76 92 101 67 6 1 6 0 0 76 98 77 74 0 0 76 92 101 67 0 0 0 0 0 0 0 0 0 0 0 0 0 0 0 0 0 0 0 0 6 0 6 0 0 76 92 82 68 1 6 0 76 92 25 82 68 1 7 0 76 92 31 101 73 0 0 76 98 76 73 0 0 76 67 76 67 0 0 0 0 0 0 0 0 0 0 0 0 0 0 0 0 0 0 0 0 0 6 0 6 0 0 76 90 76 73 0 0 76 84 82 67 0 6 0 76 84 17 82 67 0 6 0 76 84 17 93 67 0 0 0 6 0 6 0 0 76 83 76 67 0 0 0 6 0 6 0 0 76 89 76 73 0 0 76 89 76 73 0 0 76 83 92 67 6 6 12 0 0 82 127 184 109 0 82 127 176 101 0 82 124 166 103 9 76 94 39 39 115 79 6 0 24 48 24 100 91 292 784 644 468 468 176 292 176 0 0 6 6 12 6 0 88 132 196 167 56 158 240 167 129 202 240 167 129 190 234 161 117 190 88 9 9 3 9 0 76 126 73 76 67 6 88 147 44 0 76 196 174 67 13 
472:./Lib/Feature/Time/Time.lua
0 0 0 0 0 0 0 0 8 0 8 7 7 6 0 0 0 0 0 6 0 0 0 0 0 0 0 0 0 0 0 0 0 6 0 6 0 0 0 0 0 0 0 0 0 0 0 0 0 0 0 0 0 0 0 0 0 0 0 0 0 0 0 0 6 0 6 0 0 6 0 6 0 0 0 6 0 6 0 0 0 0 0 0 0 0 0 0 0 0 0 0 0 0 0 0 0 0 0 0 0 0 0 0 0 0 0 0 0 0 0 0 0 0 6 0 6 0 0 0 0 0 0 0 6 0 6 0 0 0 0 0 0 0 0 0 0 0 0 0 0 0 0 0 0 0 0 0 0 0 0 0 0 0 0 0 0 0 0 0 0 0 0 0 0 0 0 0 0 0 0 0 6 0 6 0 0 0 0 0 0 0 0 0 6 0 0 0 0 0 0 0 0 0 0 6 0 6 0 0 0 0 0 0 0 0 0 0 0 0 0 0 0 0 0 0 0 0 0 0 0 0 0 0 0 0 0 0 0 0 0 0 0 0 0 0 0 0 6 0 6 0 0 0 0 0 0 0 0 0 0 0 0 0 0 0 0 0 0 0 0 0 0 0 0 0 0 0 0 0 0 0 0 0 0 0 0 0 0 0 0 0 0 0 0 0 0 0 0 0 0 6 0 6 0 0 0 0 0 0 0 0 0 6 0 0 0 0 0 0 6 0 0 0 0 0 1 0 0 1 5 0 5 0 0 6 0 6 0 0 1 0 1 0 0 0 0 0 0 0 0 0 0 0 0 0 0 0 0 0 0 0 0 0 0 0 5 0 5 0 0 1 0 1 0 0 0 0 0 0 0 0 0 0 0 0 0 0 0 0 0 0 0 0 0 0 0 0 0 0 0 0 0 0 0 0 0 0 0 0 0 0 0 0 0 0 0 0 0 0 0 0 0 0 0 0 0 0 0 5 0 5 0 0 1 0 1 0 5 0 5 0 0 1 0 1 0 5 0 5 0 0 1 5 1 0 0 0 1 0 0 0 0 0 0 0 0 0 0 0 0 0 0 0 5 0 5 0 0 1 0 1 
50:./Test/Utility.lua
0 0 0 0 0 0 0 194 194 0 0 0 0 0 0 0 338 270 270 338 173 68 194 105 194 299 178 89 89 89 393 215 215 105 0 105 105 105 299 0 194 194 299 178 105 89 89 178 0 89 
84:./Test/ZoMock.lua
0 0 0 0 0 0 0 5 305 300 5 300 855 0 294 5 298 582 215 219 211 17 504 415 105 246 344 718 6 272 313 321 154 101 87 110 44 1 352 39 40 22 16 0 14 0 0 56 0 17 17 17 15 21 21 0 29 17 11 18 11 0 11 24 2 12 0 0 12 0 0 12 0 0 0 12 0 0 12 12 0 12 0 12 
163:/usr/local/share/lua/5.1/busted/block.lua
0 0 0 0 0 0 0 0 0 0 0 0 0 0 0 91 91 0 91 69190 0 69190 69281 0 91 4070 4070 73260 69190 65120 0 0 4161 0 0 368 368 368 368 91 0 91 19520 0 19520 15818 15818 0 0 0 0 19520 2887 0 19520 19520 16633 0 0 2887 2887 0 0 0 0 0 0 2887 0 2887 91 0 91 22448 0 22448 15818 15818 0 0 0 0 22448 0 22448 22816 368 4 4 0 0 22448 91 0 91 25335 25335 0 25335 25335 0 0 0 0 0 0 25335 15818 0 0 0 25335 91 0 91 3702 91 0 91 2928 2887 2887 0 3019 0 91 2928 91 0 91 2928 91 0 91 2849 0 2849 2849 2849 0 0 0 0 2849 0 2849 2837 0 2837 0 0 0 0 2837 2833 0 0 2837 2837 0 2940 0 91 
38:/usr/local/share/lua/5.1/busted/compatibility.lua
0 0 0 0 0 0 0 0 0 0 0 0 0 0 0 0 0 0 0 0 0 0 0 0 0 0 0 0 0 0 0 0 0 0 0 0 65 65 
124:/usr/local/share/lua/5.1/busted/context.lua
0 0 0 611 26962 26351 0 611 611 611 611 611 0 0 0 611 29399 28788 0 56939 56328 0 611 0 0 0 0 0 0 0 0 0 0 0 0 0 0 0 368 368 736 368 368 0 368 736 0 0 0 0 0 0 0 368 0 368 0 0 6919 6919 611 6308 368 5940 0 0 6919 6919 0 0 6919 6919 0 0 6919 611 0 6919 0 0 98502 0 0 0 0 0 0 0 0 0 0 0 0 0 0 0 0 0 6770 6770 6770 6770 0 0 3015 0 0 0 515199 0 0 0 26754 26754 26754 26754 26754 0 0 26754 26754 26754 26754 26754 
315:/usr/local/share/lua/5.1/busted/core.lua
0 0 0 0 0 0 0 0 0 0 63 0 0 0 0 0 0 0 0 0 0 0 0 0 0 0 104 104 63 41 0 0 41 0 0 0 167 0 0 0 414 0 0 0 0 0 0 0 0 0 0 0 0 0 0 0 0 0 0 0 0 0 0 0 0 0 0 0 0 6460 6460 0 6460 6460 6658 6523 198 198 0 0 6460 6460 0 6460 6460 0 0 0 104 104 104 104 0 104 104 0 0 0 0 0 104 0 0 0 20252 0 0 0 2821 0 0 0 0 0 0 0 6564 0 18498 18498 414 414 414 414 414 414 0 0 18084 6150 6150 6150 6150 6150 0 0 11934 0 0 0 0 0 0 63 63 63 63 63 63 0 0 0 0 0 0 0 0 0 0 0 0 0 0 0 0 0 414 0 414 0 414 0 0 26754 26754 26754 0 53508 104 104 104 53612 0 26754 104 0 0 0 104 0 0 0 0 0 0 0 0 0 0 0 104 0 26754 0 26754 26754 0 0 0 13284 13284 13284 6642 6642 6642 6642 6642 6642 0 26568 13284 26568 13284 0 0 0 0 0 0 0 0 0 0 0 0 0 0 0 0 0 0 0 0 0 0 0 0 0 0 0 0 0 0 0 0 0 0 0 6770 215 215 0 0 6770 0 6770 6770 6356 0 0 0 6770 13540 0 6770 6770 0 0 0 0 0 0 6770 6770 6770 6770 6770 6770 6770 6770 6770 6770 6770 6770 0 0 6770 0 6770 3142 0 3628 0 6770 0 0 0 2924 9686 6762 6762 13102 6762 0 2924 
31:/usr/local/share/lua/5.1/busted/environment.lua
0 0 0 0 0 0 0 469024 0 463970 388042 463970 0 0 0 1 1 1 0 0 80982 0 0 0 1 1 0 0 0 0 414 
72:/usr/local/share/lua/5.1/busted/execute.lua
91 91 91 0 0 0 0 0 0 0 0 0 91 0 0 91 0 0 91 91 0 0 0 0 0 0 0 0 0 0 0 0 0 0 0 0 0 0 91 0 182 91 0 0 0 0 0 91 0 91 0 0 0 0 91 91 91 91 0 91 91 0 91 0 91 0 0 0 182 0 91 91 
127:/usr/local/share/lua/5.1/busted/init.lua
0 0 0 0 414 414 414 0 414 414 0 0 2435 2435 2435 0 2435 2435 0 0 3702 3702 0 3702 0 0 0 0 3702 0 3702 3702 3702 0 3702 0 3702 3702 3702 3702 3702 0 0 0 0 0 0 3702 0 0 3702 3702 0 0 0 0 0 0 0 0 0 0 0 0 0 0 0 0 0 0 0 0 0 0 0 0 0 0 0 0 0 0 0 0 0 0 0 0 0 0 0 0 0 0 0 0 0 0 0 0 0 0 0 0 0 0 0 0 0 0 0 0 0 0 0 0 0 0 0 0 0 0 0 0 0 0 17396 
50:/usr/local/share/lua/5.1/busted/languages/en.lua
91 0 91 0 0 91 91 91 91 0 91 91 91 91 0 91 91 91 91 0 91 91 91 91 0 91 0 91 91 0 0 91 91 91 91 91 91 91 91 91 0 91 91 91 91 91 91 0 91 91 
23:/usr/local/share/lua/5.1/busted/modules/files/lua.lua
91 0 91 0 0 6460 6460 6460 91 0 0 414 91 0 0 414 414 0 0 414 91 0 91 
107:/usr/local/share/lua/5.1/busted/modules/files/moonscript.lua
91 0 182 91 91 0 91 0 0 0 0 0 0 0 0 0 0 91 0 0 0 0 0 0 0 0 0 0 0 0 91 0 0 0 0 0 91 0 0 0 0 0 0 0 0 0 0 0 0 0 0 0 0 0 0 0 0 0 0 0 0 0 0 0 0 0 91 0 91 0 0 0 0 0 0 0 0 0 0 0 91 0 0 0 0 0 0 0 0 0 0 0 91 0 0 0 91 0 0 0 0 0 0 0 91 0 91 
129:/usr/local/share/lua/5.1/busted/modules/filter_loader.lua
0 0 0 3706 3706 0 15834 15834 12128 12128 0 0 3706 91 0 0 0 0 91 0 0 6141 0 0 0 0 6141 91 0 0 3706 3706 0 0 0 0 3706 91 0 0 6141 0 0 0 0 6141 91 0 0 3706 0 0 0 0 3706 91 0 0 0 0 0 0 0 0 0 0 0 91 0 0 0 91 0 91 0 0 0 0 0 0 91 0 0 0 91 0 0 728 1274 910 0 0 819 0 0 0 0 0 0 0 0 91 0 91 0 0 0 0 0 0 0 0 0 0 0 0 0 0 91 91 91 91 0 0 91 91 91 91 91 
34:/usr/local/share/lua/5.1/busted/modules/output_handler_loader.lua
0 0 0 0 0 0 0 0 91 182 91 0 91 0 0 91 0 182 0 91 0 0 0 91 0 0 0 0 91 0 0 0 91 91 
101:/usr/local/share/lua/5.1/busted/modules/test_file_loader.lua
91 0 0 91 91 91 91 0 273 182 182 0 0 0 0 0 91 0 91 90 90 0 180 536 536 0 0 0 0 658 536 414 0 0 122 180 0 180 414 0 0 414 0 180 0 1 1 0 0 91 91 91 0 0 91 182 91 0 91 91 0 0 0 414 414 414 0 0 91 0 0 91 0 505 414 0 414 828 414 414 414 414 0 0 414 0 0 0 91 2 2 0 0 2 0 0 91 91 0 91 91 
179:/usr/local/share/lua/5.1/busted/outputHandlers/base.lua
0 91 91 91 91 91 91 91 91 91 91 91 0 0 0 11106 91 0 0 91 91 0 91 0 0 0 91 91 91 91 91 91 91 91 91 91 182 0 0 3721 3721 0 15849 15846 0 12128 12128 0 0 3721 91 0 0 0 3721 44299 40578 33142 0 0 3721 3721 0 3721 3721 3721 3721 3721 3721 3721 0 3721 0 3721 91 0 0 91 0 0 0 91 91 0 0 91 91 91 91 0 0 0 0 0 0 0 0 0 0 0 0 0 91 0 0 91 91 91 91 0 0 3702 3702 91 0 0 0 0 3702 3614 3614 88 0 0 88 0 63 63 25 0 25 25 0 0 3614 0 3614 3614 3614 0 0 0 3614 0 0 3614 0 3614 91 0 0 0 0 0 0 91 0 0 63 63 91 0 0 25 25 25 91 0 0 107 19 19 0 0 107 91 0 91 91 
188:/usr/local/share/lua/5.1/busted/outputHandlers/utfTerminal.lua
91 91 91 0 91 0 91 0 0 0 91 0 0 0 91 91 0 91 91 91 91 0 0 0 0 0 0 0 0 0 0 0 0 0 0 0 0 91 0 0 107 107 107 0 0 0 0 0 0 107 91 0 0 107 107 44 0 0 107 3 3 3 0 104 104 104 104 104 0 0 107 104 0 0 107 91 0 0 91 91 91 91 0 91 91 91 91 91 0 91 3 88 5 0 0 91 51 40 30 0 0 91 91 0 0 0 0 91 60 31 21 0 0 91 0 91 91 91 91 91 91 0 0 3702 3702 0 3702 0 3702 63 3639 25 0 0 3702 3702 0 0 3702 91 0 0 91 91 91 0 91 91 0 0 91 91 0 91 0 0 0 0 154 63 63 0 0 135 44 44 0 0 91 91 0 0 12 12 0 12 91 0 91 91 91 91 91 91 91 0 91 91 
208:/usr/local/share/lua/5.1/busted/runner.lua
0 0 0 0 0 0 0 0 0 0 0 0 0 0 0 0 0 0 0 0 0 0 0 0 0 0 0 0 0 0 0 0 0 0 0 0 0 0 0 0 0 0 0 0 0 0 0 0 0 0 0 0 0 0 0 0 0 0 0 91 0 0 0 0 0 0 91 0 0 0 0 91 0 0 0 0 0 91 91 0 0 91 91 0 0 0 91 91 0 0 0 0 0 91 91 91 0 182 0 0 91 0 182 0 0 91 0 182 44 44 44 91 0 182 63 63 0 0 0 63 63 91 0 0 91 91 91 0 0 182 91 91 91 91 91 91 91 0 0 0 91 91 0 0 0 0 0 0 0 0 0 0 0 0 0 0 0 0 0 91 0 0 0 0 0 0 0 0 182 91 91 91 91 91 91 91 0 0 91 0 91 91 91 182 91 91 91 91 0 0 0 0 0 0 91 91 182 91 91 91 0 0 91 0 91 65 0 26 
42:/usr/local/share/lua/5.1/busted/status.lua
0 34158 34158 34158 34158 34158 34158 34158 34158 0 34158 0 0 0 30456 30456 46957 30456 30456 30456 0 0 0 30456 0 0 0 30456 0 0 0 3702 3702 3702 0 34158 0 0 60912 30456 37860 30456 
35:/usr/local/share/lua/5.1/busted/utils.lua
0 0 0 91 91 455 364 364 0 0 91 0 0 0 0 0 0 0 0 0 0 0 0 0 0 0 91 91 91 91 91 455 364 0 91 
49:/usr/local/share/lua/5.1/luarocks/core/dir.lua
0 0 0 0 0 0 0 0 0 0 0 0 0 0 0 0 5646 5646 0 0 5646 0 0 0 0 0 0 0 0 7528 0 7528 7528 7528 7528 0 7528 0 0 0 0 0 0 0 0 7528 7528 7528 7528 
78:/usr/local/share/lua/5.1/luarocks/core/manif.lua
0 0 0 0 0 0 0 0 0 0 0 0 0 0 0 0 0 0 0 0 0 0 0 0 0 0 0 0 0 0 0 0 3764 3764 0 0 0 0 0 0 0 0 0 0 1882 1882 1882 0 0 0 0 0 0 0 0 0 0 0 3764 0 3764 3764 1882 0 0 1882 1882 0 0 0 1882 3764 3764 3764 1882 0 5646 1882 
147:/usr/local/share/lua/5.1/luarocks/core/path.lua
0 0 0 0 0 0 0 0 0 0 3764 0 0 3764 0 0 3764 3764 0 0 0 0 0 0 0 0 0 0 0 0 0 0 0 0 0 0 0 0 0 0 0 0 0 0 818 0 818 818 818 0 0 0 0 0 0 0 0 0 0 0 0 0 818 818 818 0 0 0 0 0 0 0 0 0 0 0 0 0 0 0 0 0 0 0 0 0 0 0 0 0 0 0 0 0 0 0 0 0 0 0 0 0 0 0 0 0 0 0 0 0 0 0 7528 0 0 7528 7528 0 0 0 0 0 0 0 0 0 0 0 1882 1882 1882 0 0 1882 1882 0 0 5646 3764 1882 0 3764 3764 0 0 0 1882 
75:/usr/local/share/lua/5.1/luarocks/core/persist.lua
0 0 0 0 0 0 0 0 0 0 0 0 0 1882 1882 1882 0 0 0 0 0 0 0 0 0 0 0 0 0 0 0 0 0 0 0 0 0 0 0 0 0 0 0 0 0 0 0 0 0 0 0 0 0 0 0 0 1882 1882 0 1882 1882 1882 0 0 1882 0 1882 1882 0 1882 0 1882 0 1882 1882 
207:/usr/local/share/lua/5.1/luarocks/loader.lua
0 0 0 0 0 0 0 0 0 0 0 0 0 0 0 0 0 0 0 0 0 0 0 0 0 0 0 0 0 0 0 0 0 0 0 0 0 0 0 0 0 0 0 0 0 0 0 0 0 0 0 0 0 0 0 0 0 0 0 0 0 0 0 0 0 0 0 0 0 0 0 0 0 0 0 0 0 0 0 0 0 0 0 0 0 0 0 0 0 0 0 0 0 0 0 0 0 0 0 0 0 0 0 0 0 0 0 0 0 0 818 818 818 818 0 0 818 818 818 0 0 0 0 0 0 0 0 0 0 0 0 0 0 0 0 0 0 0 0 0 0 1882 1882 0 0 0 1882 1882 3764 1882 1882 818 0 1064 1064 1064 0 0 0 0 0 1882 0 0 0 0 1882 0 0 0 0 0 0 0 0 0 0 3764 818 0 0 818 1882 0 0 0 0 0 0 0 0 0 0 0 0 0 0 0 0 0 0 0 0 0 1882 1882 1882 
177:/usr/local/share/lua/5.1/luassert/assert.lua
0 0 0 0 0 0 0 0 0 0 0 63 0 63 0 0 63 63 0 0 63 0 0 0 0 0 4504 0 4504 0 13215 8711 0 0 4504 12461 8334 4207 0 0 0 4127 4127 4127 0 4126 63 63 21 0 63 63 0 0 4063 0 0 4063 0 377 377 377 0 754 377 377 0 0 0 0 377 0 0 0 17361 9059 0 0 8302 0 0 0 0 4135 0 0 0 178 178 0 0 178 178 178 178 178 178 178 0 0 0 0 0 0 0 0 0 0 0 0 0 0 0 0 0 0 0 0 0 0 0 63 63 201 138 134 134 134 134 0 0 63 0 0 0 0 0 0 0 192 0 0 0 444 444 0 0 0 0 0 0 0 0 0 0 0 0 0 0 0 0 0 0 0 0 0 0 0 4308 0 0 0 4308 0 0 0 4135 
141:/usr/local/share/lua/5.1/luassert/assertions.lua
0 0 0 0 0 0 0 0 0 0 0 0 0 0 0 0 0 0 3682 0 0 3682 0 0 0 0 0 0 0 0 0 0 0 0 0 0 0 0 0 0 0 0 0 0 0 0 0 0 0 0 0 0 0 0 0 0 0 0 0 0 0 0 0 0 0 0 0 0 0 0 0 0 0 0 0 0 0 0 0 0 0 0 0 0 0 0 0 0 0 0 0 0 0 0 0 0 0 0 0 0 0 0 0 0 0 0 0 0 0 0 0 0 628 628 628 628 0 628 628 628 0 0 0 3054 3054 3054 3054 477 0 477 477 477 477 477 477 0 2577 0 2577 2577 2577 
202:/usr/local/share/lua/5.1/luassert/formatters/init.lua
0 0 0 0 7 0 0 0 0 0 0 0 0 0 0 0 0 0 0 0 0 21 21 0 0 0 0 0 353 210 0 0 143 0 143 0 143 0 0 0 143 0 143 0 0 0 0 0 143 0 0 0 54 33 0 21 0 0 83 29 0 54 0 0 86 3 0 83 0 0 0 0 0 0 0 0 0 0 0 0 418 0 0 0 49 49 0 209 160 160 0 0 49 0 0 209 209 209 0 209 209 209 0 0 0 0 0 0 49 0 49 49 0 0 0 134 86 0 0 48 48 48 48 48 48 48 0 48 18 30 0 0 0 0 30 30 30 30 0 0 0 49 0 0 0 49 0 0 0 49 0 0 0 49 49 0 49 49 0 209 160 160 160 0 160 1 159 31 0 0 160 160 160 160 0 0 49 0 49 48 0 48 0 0 0 134 0 0 0 134 0 0 134 0 0 134 0 0 134 0 0 134 
76:/usr/local/share/lua/5.1/luassert/match.lua
0 0 0 0 0 311 0 0 0 0 0 341 341 0 341 0 1023 682 0 0 341 1023 682 341 0 0 0 341 341 341 682 341 341 341 682 0 0 0 0 0 0 0 0 0 0 0 0 0 0 0 1023 682 0 0 341 0 0 0 0 0 0 341 0 0 3617 0 0 0 311 311 0 0 0 0 0 341 
149:/usr/local/share/lua/5.1/luassert/matchers/core.lua
0 0 0 0 0 0 0 0 0 0 0 0 0 0 0 0 0 0 0 0 0 0 0 0 0 0 0 0 0 0 0 0 0 0 0 0 0 0 0 0 0 0 0 0 0 0 0 0 0 0 0 0 0 0 0 0 0 0 0 0 0 0 0 0 0 0 0 0 0 0 0 0 0 0 0 0 0 0 0 0 0 0 0 0 0 0 0 0 0 0 0 0 0 0 0 0 0 0 0 0 0 137 137 137 137 137 137 0 121 137 0 0 0 0 0 0 0 0 0 0 0 0 0 0 0 0 0 0 0 0 0 0 0 0 0 0 0 0 0 190 204 0 0 0 0 0 135 0 69 
59:/usr/local/share/lua/5.1/luassert/mock.lua
0 0 0 0 0 0 0 0 0 0 0 0 0 0 0 0 0 0 79 0 295 0 87 78 294 216 0 78 295 0 207 0 207 0 0 207 0 295 0 295 295 79 79 0 0 0 0 0 0 0 0 0 0 0 0 0 0 0 79 
10:/usr/local/share/lua/5.1/luassert/modifiers.lua
0 0 0 0 4123 0 0 0 425 425 
132:/usr/local/share/lua/5.1/luassert/spy.lua
0 0 0 0 0 0 0 527 527 527 0 525 525 525 525 527 527 0 0 0 0 0 0 444 444 0 0 888 444 444 444 0 444 444 0 0 0 0 0 0 0 0 0 444 0 0 0 0 0 444 0 0 181 116 58 0 0 123 444 0 0 195 444 0 0 0 444 444 444 444 0 0 0 3096 0 0 0 383 383 0 383 383 0 383 0 0 0 0 201 201 0 0 201 0 0 0 0 0 0 0 0 0 0 0 0 195 195 195 195 0 0 0 0 0 0 182 182 182 0 0 0 182 182 181 181 181 181 181 181 181 1 1 
124:/usr/local/share/lua/5.1/luassert/state.lua
0 0 0 0 0 0 0 0 0 0 0 0 0 0 0 0 0 0 0 0 0 0 0 0 0 0 0 0 0 0 0 0 0 0 0 0 0 0 0 0 0 0 0 0 0 0 0 0 0 0 0 0 0 0 0 0 0 0 0 0 0 0 0 0 0 0 0 0 0 0 0 0 0 0 0 0 0 0 0 0 0 0 0 0 0 0 0 0 134 780 780 780 0 0 0 0 0 0 0 0 0 0 0 0 0 0 0 0 192 192 192 0 0 0 192 192 0 0 0 0 0 0 444 444 
109:/usr/local/share/lua/5.1/luassert/stub.lua
0 0 0 0 0 0 0 0 0 176 0 0 0 0 176 176 176 176 176 0 176 176 235 176 176 176 0 235 235 235 235 0 0 235 176 0 176 176 176 0 0 0 0 0 0 0 0 176 0 0 0 0 0 0 0 0 176 0 0 0 0 0 0 176 0 176 176 176 176 0 0 0 0 0 0 0 0 0 0 0 0 0 0 0 0 0 0 0 0 0 0 0 176 0 176 0 0 0 176 176 176 0 0 0 0 0 0 0 176 
283:/usr/local/share/lua/5.1/luassert/util.lua
0 0 8440 8440 0 8440 2579 2579 0 2579 0 0 0 2579 0 0 0 2342 2342 2342 2342 2342 0 0 0 2342 0 0 0 2342 2342 0 9874 7612 7612 7 0 0 7605 7605 73 73 73 0 0 9648 0 0 7386 0 0 2262 2262 0 2262 0 0 0 1052 1052 3331 2279 0 1052 0 0 0 2423 2423 360 0 0 360 360 350 0 1080 730 0 350 0 0 350 0 350 0 0 0 0 0 0 0 1052 1052 1052 3331 2279 0 1052 0 0 0 0 0 0 0 0 0 179 848 669 669 0 669 311 311 358 0 0 0 848 0 0 669 669 0 0 0 0 0 0 0 0 179 430 430 179 179 0 0 251 0 0 0 0 0 0 0 0 0 0 0 0 3863 3863 3863 3863 3863 3863 0 0 0 0 3863 3863 0 3863 0 123 123 0 0 7545 3682 0 0 3863 3863 0 0 0 0 0 0 0 0 0 3682 3682 0 3682 0 0 0 0 0 3682 0 7364 3682 0 0 3682 3682 3682 0 0 0 0 0 0 0 0 0 620 0 0 0 0 0 0 0 0 63 0 0 0 0 0 0 0 0 5260 5260 5260 5260 10872 5612 5612 5612 0 5260 5260 0 0 0 0 0 0 0 0 4845 0 0 4845 4845 4845 14306 9461 9461 0 0 9461 9724 263 263 263 263 0 0 9461 9393 9393 0 9461 0 0 0 4845 0 0 0 4845 
154:/usr/local/share/lua/5.1/mediator.lua
0 2821 0 0 0 2821 2821 2821 2821 0 0 0 0 0 2821 0 2821 2821 0 0 0 0 0 2267 2267 2267 2267 2267 2267 0 0 2821 2821 0 2821 0 2821 1820 1820 0 1365 0 0 2821 0 2821 2267 0 0 0 0 0 0 0 0 0 0 0 0 2267 0 0 0 0 0 0 0 0 2267 0 0 2267 2267 2267 0 0 0 2267 0 0 45597 2267 0 0 0 0 0 0 0 0 0 0 0 2267 0 0 78600 38248 0 0 38248 0 38248 0 38248 38248 0 0 0 40352 26870 0 13482 0 2267 2267 0 0 0 0 0 0 0 0 0 0 0 0 0 0 0 23073 0 68670 45597 0 0 23073 0 0 0 2821 0 0 0 0 0 0 0 0 0 0 0 20252 
565:/usr/local/share/lua/5.1/pl/List.lua
0 0 0 0 0 0 0 0 0 0 0 0 0 0 0 0 0 0 0 0 90 90 90 90 90 90 90 0 90 90 0 0 90 90 0 90 0 90 0 0 0 0 0 0 0 0 90 0 0 0 90 0 90 0 90 0 90 0 0 0 0 0 0 90 0 0 0 0 0 0 0 0 0 0 0 0 90 0 0 0 0 90 0 0 0 90 0 0 0 0 90 0 0 90 0 90 0 0 0 0 0 90 0 0 0 90 0 0 0 0 0 0 90 0 0 0 90 0 0 0 0 90 0 90 0 0 0 0 0 90 0 0 0 90 0 0 0 0 0 0 0 90 0 0 0 0 90 0 0 0 0 0 0 90 0 0 0 90 0 90 0 0 0 0 0 0 0 0 90 90 0 0 0 0 90 0 90 0 0 0 0 90 0 0 0 0 0 90 0 0 0 0 90 0 0 0 90 0 0 0 0 90 0 90 0 0 0 90 0 0 0 0 0 0 0 90 0 0 0 0 90 0 0 0 0 0 0 0 90 0 0 0 0 0 0 0 0 90 0 90 0 0 0 90 0 0 90 0 90 0 0 0 0 0 0 0 0 0 0 0 90 0 0 0 0 0 0 0 0 0 0 0 0 0 0 0 90 0 0 90 0 90 0 0 0 0 0 0 0 0 90 0 90 0 0 0 0 0 0 0 90 0 0 0 0 0 0 0 0 90 0 0 0 0 0 0 90 0 0 0 0 0 0 90 0 0 0 0 0 90 0 0 0 0 90 0 0 0 0 0 90 0 0 0 0 0 90 0 0 0 0 0 90 0 0 0 90 0 0 0 0 0 0 90 0 0 0 0 0 0 0 90 0 0 0 0 90 0 90 0 0 0 0 90 0 0 0 0 90 0 0 0 0 0 90 0 0 0 0 90 0 0 0 0 0 90 0 0 0 0 0 90 0 90 0 0 0 0 0 0 90 0 0 90 0 0 0 0 0 0 0 0 90 0 90 0 0 0 0 0 0 90 0 0 90 0 0 0 0 0 0 0 0 90 0 90 0 0 0 0 0 0 0 90 0 0 0 0 0 0 0 90 0 0 0 0 0 90 0 90 0 0 0 0 0 0 0 0 0 0 0 90 0 90 0 0 0 0 0 90 0 90 0 0 0 0 0 0 0 0 90 0 0 0 0 0 0 0 0 0 0 90 0 0 90 0 90 0 0 0 0 0 0 0 90 0 0 0 0 0 0 0 0 0 0 0 0 0 0 0 0 0 0 0 0 0 0 0 0 0 0 90 90 0 90 
214:/usr/local/share/lua/5.1/pl/class.lua
0 0 0 0 0 0 0 0 0 0 0 0 0 0 0 0 0 0 0 0 0 0 0 0 0 0 0 0 0 0 0 0 0 0 0 0 0 0 0 0 0 0 0 0 0 0 0 0 0 0 0 0 0 0 0 0 0 0 0 0 0 0 0 0 0 0 0 0 0 0 0 0 0 0 0 0 0 0 0 0 0 0 0 0 0 0 0 0 0 0 0 0 0 0 0 0 0 0 0 0 0 0 0 0 0 0 0 0 0 0 0 0 0 0 0 0 0 0 0 0 0 0 0 0 90 0 90 90 0 0 0 90 0 0 90 0 0 0 0 0 0 90 0 0 0 90 90 90 90 0 0 90 0 0 0 0 0 0 0 0 0 0 0 0 0 0 0 0 0 0 0 0 0 0 0 0 0 0 90 0 0 0 0 0 0 0 0 90 90 90 90 90 0 90 90 0 0 90 0 0 0 0 0 0 0 0 0 0 0 0 0 0 0 90 
475:/usr/local/share/lua/5.1/pl/dir.lua
0 0 0 0 0 0 0 91 91 91 91 91 91 91 91 91 91 91 91 91 0 91 0 0 90 91 0 0 90 181 0 0 536 536 91 0 0 0 0 0 0 0 0 0 0 91 0 0 0 91 0 0 0 0 0 0 91 0 0 0 0 0 0 0 0 91 0 0 0 0 0 0 0 0 0 0 0 0 0 0 91 0 0 0 0 0 0 91 0 0 0 0 0 0 0 0 0 0 91 0 0 0 0 0 91 0 0 91 0 91 0 0 0 0 0 0 0 0 0 0 0 0 0 0 91 0 0 0 0 0 0 0 0 0 0 0 0 0 0 0 0 0 0 0 0 0 0 0 0 0 0 0 0 0 0 0 0 0 0 0 0 0 0 0 0 0 0 0 0 0 0 0 0 0 0 0 0 0 0 0 0 0 91 0 0 0 91 0 0 0 0 0 0 0 0 0 0 0 0 0 0 0 0 0 0 0 0 0 0 0 0 0 0 0 0 0 0 0 0 0 0 0 0 0 0 0 0 0 91 0 0 0 0 0 0 0 91 0 0 0 0 91 0 0 0 0 0 0 91 0 0 0 91 0 0 0 0 0 0 0 0 0 0 0 0 0 0 0 0 91 0 0 0 0 0 0 0 0 0 91 0 0 0 0 0 0 0 0 0 0 0 0 0 0 91 0 0 0 0 0 0 0 0 91 0 0 0 0 0 0 91 0 0 0 0 0 0 0 0 0 0 0 91 0 91 91 0 0 91 0 0 91 0 0 0 0 0 0 0 0 0 0 0 0 0 91 0 0 0 0 0 0 91 0 0 0 0 0 91 0 0 0 0 0 0 0 0 0 0 0 0 0 0 91 0 0 0 0 0 0 0 0 0 0 0 0 0 0 0 0 0 0 0 0 0 0 0 0 0 0 0 0 0 0 0 0 0 0 0 0 0 0 0 0 0 91 0 0 0 0 0 91 90 90 90 0 90 90 0 0 0 0 1870 1514 802 802 802 802 802 266 0 0 0 0 446 0 180 91 0 0 0 0 0 0 0 0 91 90 90 0 90 90 892 802 536 536 536 0 0 0 0 90 91 0 91 
306:/usr/local/share/lua/5.1/pl/lexer.lua
0 0 0 0 0 0 0 0 0 0 0 0 0 0 0 0 0 0 0 0 0 0 0 0 0 0 0 0 0 0 0 0 0 0 0 0 0 0 0 0 0 0 0 0 0 0 0 0 0 0 0 0 0 0 0 0 0 0 0 0 0 0 0 0 0 0 0 0 0 0 0 0 0 0 0 0 0 0 0 0 0 0 0 0 0 0 0 0 0 0 0 0 0 0 0 0 0 0 0 0 0 0 0 0 0 0 0 0 0 0 0 0 0 0 0 0 0 0 0 0 0 0 0 0 0 0 0 0 0 0 0 0 0 0 0 0 0 0 0 0 0 0 0 0 0 0 0 0 0 0 0 0 0 0 0 0 0 0 0 0 0 0 0 0 0 0 0 0 0 0 0 0 0 0 0 0 0 0 0 0 0 0 0 0 0 0 0 0 0 0 0 0 0 0 0 0 0 0 0 0 0 0 0 0 0 0 0 0 0 0 0 0 0 0 0 0 0 0 0 0 0 0 0 0 0 0 0 0 0 0 0 0 0 0 0 0 0 0 0 0 0 0 0 0 0 0 0 0 0 0 0 0 0 0 0 0 0 0 0 0 0 0 0 0 0 0 0 0 0 0 0 0 0 0 0 0 0 0 0 0 0 0 0 0 0 0 0 0 0 0 0 0 0 0 4 4 4 4 4 4 4 4 4 4 0 4 
275:/usr/local/share/lua/5.1/pl/path.lua
0 0 0 0 0 0 0 0 0 0 0 0 0 0 0 0 0 0 0 0 0 0 0 0 0 0 0 0 0 0 0 0 0 0 0 0 0 0 0 0 0 0 0 0 0 0 0 0 0 0 0 0 0 0 983 983 0 0 983 0 0 0 0 0 91 91 0 0 0 0 0 0 0 0 0 0 0 0 0 0 0 0 0 0 0 0 0 0 0 0 802 802 0 0 0 0 0 0 0 0 0 0 0 0 0 0 0 0 0 0 0 0 0 0 0 0 0 185132 0 0 0 0 0 0 0 0 0 0 0 0 0 0 0 0 0 0 0 0 0 0 0 0 0 0 0 0 0 0 0 13519 13519 13519 183476 169957 169957 0 13519 0 0 13519 0 0 0 0 0 0 0 0 0 0 0 0 0 0 0 0 0 0 0 0 0 0 0 0 0 0 0 414 414 414 1656 1242 0 0 1242 1242 0 414 0 0 414 0 0 0 0 0 0 12983 12983 12983 0 0 0 0 0 536 536 536 0 0 0 0 0 414 414 414 0 0 0 0 0 0 0 0 0 0 0 0 0 0 0 0 0 0 0 0 0 0 0 0 0 0 0 0 0 0 0 0 0 0 0 0 0 0 0 0 0 0 0 0 1072 1072 0 0 1072 
307:/usr/local/share/lua/5.1/pl/pretty.lua
0 0 0 0 0 0 0 0 0 0 0 0 0 0 0 0 0 0 0 0 0 0 0 151 119 32 0 32 0 32 0 32 29 0 3 3 0 0 0 0 3 0 0 0 0 0 0 0 0 0 0 0 0 0 0 0 0 0 0 0 0 0 0 0 0 0 0 0 0 0 0 0 0 0 0 0 0 0 0 0 0 0 0 0 0 0 0 0 0 0 0 0 0 0 0 0 0 0 0 0 0 0 0 0 0 0 0 0 0 0 0 0 0 0 0 0 0 0 0 0 0 0 0 0 0 0 0 0 0 0 0 0 0 0 151 0 0 151 0 151 0 0 0 0 0 181 0 0 0 0 0 0 0 0 0 0 0 0 0 0 0 0 0 0 0 0 0 0 0 0 0 0 0 0 0 0 0 0 0 0 4 0 0 0 0 4 4 0 4 4 4 4 4 4 0 0 0 181 181 0 185 0 0 212 181 181 181 0 31 0 216 0 0 31 31 31 31 0 35 0 0 4 0 185 185 151 34 0 0 0 0 0 0 7 27 27 0 0 0 27 27 27 27 27 27 0 0 0 0 0 27 208 181 181 0 0 27 0 181 181 181 0 0 0 0 181 181 0 0 181 0 0 181 181 0 0 208 208 181 181 181 0 208 181 0 0 0 27 27 27 0 0 0 189 4 4 4 0 0 0 0 0 0 0 4 4 4 
557:/usr/local/share/lua/5.1/pl/stringx.lua
0 0 0 0 0 0 0 0 0 0 0 0 0 0 0 0 0 0 0 0 0 0 0 0 0 0 0 99 99 0 0 0 0 0 0 0 0 0 0 0 0 0 0 0 0 0 0 0 0 0 0 0 0 0 0 0 0 0 0 0 0 0 0 0 0 0 0 0 0 0 0 0 0 0 0 0 0 0 0 0 0 0 0 0 0 0 0 0 0 0 0 0 0 0 0 0 0 0 0 0 0 0 0 0 0 0 0 0 0 0 0 0 0 0 0 0 0 0 0 0 0 0 0 0 0 0 0 0 0 0 0 0 0 0 0 0 0 0 0 0 0 0 0 0 0 0 0 0 0 0 0 0 0 0 0 0 0 0 0 0 0 0 0 0 0 0 0 0 0 0 0 0 0 0 0 0 0 0 0 0 0 0 0 0 0 0 0 0 0 0 0 0 0 0 0 0 0 0 0 0 0 0 0 0 0 0 0 0 0 0 0 0 0 0 0 0 0 0 0 0 0 0 0 0 0 0 0 0 0 0 0 0 0 0 0 0 0 0 0 0 0 0 0 0 0 0 0 0 0 0 0 0 0 0 0 0 0 0 0 0 0 0 0 0 0 0 0 0 0 0 0 0 0 0 0 0 0 0 0 0 0 0 0 0 0 0 0 0 0 0 0 0 0 0 0 0 0 0 0 0 0 0 0 0 0 0 0 0 0 0 0 0 0 0 0 0 0 0 0 0 0 0 0 0 0 0 0 0 0 0 0 0 0 0 0 0 0 0 0 0 0 0 0 0 0 0 0 0 0 0 0 0 0 0 0 0 0 0 0 0 0 0 0 0 0 0 0 0 0 0 0 0 0 0 0 0 0 0 0 0 0 0 0 0 0 0 0 0 0 0 0 0 0 0 0 0 0 0 0 0 0 0 0 0 0 0 0 0 0 0 0 0 0 0 0 0 0 0 0 0 0 0 0 0 0 0 0 0 0 0 0 0 0 0 0 0 0 0 0 0 0 0 0 0 0 0 0 0 0 0 0 0 0 0 0 0 0 0 0 0 0 0 0 0 0 0 0 0 0 0 0 0 0 0 0 0 0 0 0 0 0 0 0 0 0 0 0 0 0 0 0 0 0 0 0 0 0 0 0 0 0 0 0 0 0 0 0 0 0 0 0 0 0 0 0 0 0 99 99 99 0 99 99 0 0 99 0 99 0 0 0 0 0 0 99 0 0 0 99 0 0 0 99 0 0 1 0 1 0 1 1 1 0 0 98 0 99 
830:/usr/local/share/lua/5.1/pl/tablex.lua
0 0 0 0 0 0 0 0 0 0 0 0 0 0 0 0 0 0 0 0 0 180 180 0 0 0 0 0 0 0 0 0 0 0 0 0 0 0 180 0 0 180 0 0 702 0 0 702 0 0 0 0 0 0 0 0 0 0 0 0 0 0 0 0 0 0 0 0 0 0 0 0 0 0 0 0 0 0 0 0 0 0 0 0 0 0 0 0 0 702 702 56475 55773 0 702 0 0 0 0 0 0 0 0 0 0 0 0 0 0 0 0 0 0 0 0 0 0 0 0 0 0 0 0 0 0 0 0 0 0 0 0 0 0 0 0 0 0 0 0 0 0 0 0 0 0 0 0 0 0 0 0 0 0 0 0 0 0 0 0 0 0 0 0 0 0 0 0 0 0 0 0 0 0 0 0 0 0 0 0 0 0 0 0 0 0 0 0 0 0 0 0 0 0 0 0 0 0 0 0 0 0 0 0 0 0 0 0 0 0 0 0 0 0 0 0 0 0 0 0 0 0 0 0 0 0 0 0 0 0 0 0 0 0 0 0 0 0 0 0 0 0 0 0 0 0 0 0 0 0 0 0 0 0 0 0 0 0 0 0 0 0 0 0 0 0 0 0 0 0 0 0 0 0 0 0 0 0 0 0 0 0 0 0 0 0 0 0 0 0 0 0 0 0 0 0 0 0 0 0 0 0 0 0 0 0 0 0 0 0 0 0 0 0 0 0 0 0 0 0 0 0 0 0 0 0 0 0 0 0 0 0 0 0 0 0 0 0 0 0 0 0 0 0 0 0 0 0 0 0 0 0 0 0 0 0 0 0 0 0 0 0 0 0 0 0 0 0 0 0 0 0 0 0 0 0 0 0 0 0 0 0 0 0 0 0 0 0 0 0 0 0 0 0 0 0 0 0 0 0 0 0 0 0 0 0 0 0 0 0 0 0 0 0 0 0 0 0 0 0 0 0 0 0 0 0 0 0 0 0 0 0 0 0 0 0 0 0 0 0 0 0 0 0 0 0 0 0 0 0 0 0 0 0 0 0 0 0 0 0 0 0 0 0 0 0 0 0 0 0 0 0 0 0 0 0 0 0 0 0 0 0 0 0 0 0 0 0 0 0 0 0 0 0 0 0 0 0 0 0 0 0 0 0 0 0 0 0 0 0 0 0 0 0 0 0 0 0 0 0 0 0 0 0 0 0 0 0 0 0 0 0 0 0 0 0 0 0 0 0 0 0 0 0 0 0 0 0 0 0 0 0 0 0 0 0 0 0 0 0 0 0 0 0 0 0 0 0 0 0 0 0 0 0 0 0 0 0 0 0 0 0 0 0 0 0 0 0 0 0 0 0 0 0 0 0 0 0 0 0 0 0 0 0 0 0 0 0 0 0 0 0 0 0 0 0 0 0 0 0 0 0 0 0 0 0 0 0 0 0 0 0 0 0 0 0 0 0 0 0 0 0 0 0 0 0 0 0 0 0 0 0 0 0 0 0 0 0 0 0 0 0 0 0 0 0 180 180 180 1130 950 950 828 828 0 0 180 0 0 0 0 0 0 0 0 0 0 0 0 0 0 0 0 0 0 0 0 0 0 0 0 0 0 0 0 0 0 0 0 0 0 0 0 0 0 0 0 0 0 0 0 0 0 0 0 0 0 0 0 0 0 0 0 0 0 0 0 0 0 0 0 0 0 0 0 0 0 0 0 0 0 0 0 0 0 0 0 0 0 0 0 0 0 0 0 0 0 0 0 0 0 0 0 0 0 0 0 0 0 0 0 0 0 0 0 0 0 0 0 0 0 0 0 0 0 0 0 0 0 0 0 0 0 0 0 0 0 0 0 0 0 0 0 0 91 91 91 91 0 0 0 91 89 0 0 89 503 414 0 0 91 
115:/usr/local/share/lua/5.1/pl/types.lua
0 0 0 0 0 0 0 0 0 0 0 0 0 0 0 0 0 0 0 0 0 0 0 0 0 0 0 0 0 0 0 0 0 0 0 0 0 0 0 0 0 0 0 0 0 0 0 0 0 0 0 0 0 0 0 0 0 0 0 0 0 0 0 0 0 0 0 0 0 0 0 0 0 0 0 0 0 0 0 0 0 0 0 0 882 0 0 0 0 0 0 0 0 0 0 0 0 0 180 180 0 0 0 0 0 0 0 0 0 0 0 0 0 702 702 
462:/usr/local/share/lua/5.1/pl/utils.lua
0 0 0 0 0 0 0 0 0 0 0 0 0 0 0 0 0 0 0 0 0 0 0 0 0 0 0 0 0 0 0 0 0 0 0 0 0 0 0 0 0 0 0 0 0 0 0 0 0 0 0 0 0 0 0 0 0 0 0 0 0 0 0 0 0 0 0 0 0 0 0 0 0 0 0 0 0 0 0 0 0 0 0 0 0 0 0 0 0 0 0 0 0 0 0 0 0 0 0 0 0 0 0 0 0 0 0 0 0 0 0 0 0 0 0 0 0 0 0 0 0 0 0 0 0 0 0 0 0 0 0 0 0 0 0 0 0 0 0 0 0 0 0 0 0 0 0 0 0 0 0 0 0 0 0 0 0 0 0 0 0 0 0 0 0 0 0 0 0 0 0 0 0 0 0 0 0 0 0 0 0 0 0 0 0 31810 0 0 31810 0 0 31810 0 0 0 0 0 0 0 0 0 0 0 0 0 180 180 180 0 0 0 0 0 0 0 0 0 0 0 0 0 0 0 0 0 0 0 0 0 0 0 0 0 0 0 0 0 0 0 0 0 0 0 0 0 31350 0 0 0 0 0 0 0 0 0 0 0 0 0 0 0 0 0 0 0 0 0 0 0 0 0 0 0 0 0 0 0 0 0 0 0 0 0 0 0 0 0 0 0 0 0 0 0 0 0 0 0 0 0 0 0 0 0 0 0 0 0 0 0 0 0 0 0 0 0 0 0 0 0 0 0 0 0 0 0 0 0 0 0 0 0 0 0 0 0 0 0 0 0 0 0 0 0 0 0 0 0 0 0 0 0 0 0 0 0 0 0 0 0 0 0 0 0 0 0 0 0 0 0 0 0 0 0 0 0 0 0 0 0 0 0 0 0 0 0 0 0 0 0 0 0 0 0 0 0 0 0 0 0 0 0 0 0 0 0 0 0 0 0 0 0 0 0 0 0 0 0 0 0 0 0 0 0 0 0 0 0 0 0 0 0 0 0 0 0 0 0 0 0 0 0 0 0 0 0 0 0 0 0 0 0 0 0 0 0 0 0 0 0 0 536 536 
48:/usr/local/share/lua/5.1/say/init.lua
0 0 0 0 0 0 0 0 0 0 0 0 0 91 91 0 0 91 0 0 0 0 0 0 0 0 0 2085 2085 0 0 0 0 4889 0 4889 0 4889 0 0 4889 4889 0 17032 12143 0 0 4889 
39:/usr/local/share/lua/5.1/term/colors.lua
0 0 0 0 0 0 0 0 0 0 0 0 0 0 0 0 0 0 0 0 0 0 0 0 0 0 0 0 0 0 2576 0 0 0 2576 0 0 0 1288 
163:/usr/local/share/lua/5.3/busted/block.lua
0 0 0 0 0 0 0 0 0 0 0 0 0 0 0 93 93 0 93 26968 0 26968 27061 0 93 1736 1736 31248 29512 25232 0 0 1829 0 0 53 53 53 53 93 0 93 8854 0 8854 7171 7171 0 0 0 0 8854 876 0 8854 8854 7978 0 0 876 876 0 0 0 0 0 0 876 0 876 93 0 93 9792 0 9792 7171 7171 0 0 0 0 9792 0 9792 9845 53 0 0 0 0 9792 93 0 93 10668 10668 0 10668 10668 0 0 0 0 0 0 10668 7171 0 0 0 10668 93 0 93 1683 93 0 93 938 876 876 0 1031 0 93 938 93 0 93 938 93 0 93 848 0 848 848 848 0 0 0 0 848 0 848 845 0 845 0 0 0 0 845 845 0 0 845 845 0 941 0 93 
65:/usr/local/share/lua/5.3/busted/compatibility.lua
0 0 1736 1736 1736 0 0 2865 2865 2865 0 1736 0 0 0 199 199 199 0 0 199 199 199 0 199 199 199 0 0 199 0 0 0 0 0 0 54 0 54 54 0 54 0 0 0 0 0 0 0 0 0 0 0 0 0 0 0 0 0 0 0 0 0 0 54 
124:/usr/local/share/lua/5.3/busted/context.lua
0 0 0 199 7562 7363 0 199 199 199 199 199 0 0 0 199 7763 7564 0 18780 18581 0 199 0 0 0 0 0 0 0 0 0 0 0 0 0 0 0 53 53 106 53 53 0 53 106 0 0 0 0 0 0 0 53 0 53 0 0 2584 2584 199 2385 53 2332 0 0 2584 2584 0 0 2584 2584 0 0 2584 199 0 2584 0 0 38620 0 0 0 0 0 0 0 0 0 0 0 0 0 0 0 0 0 2584 2584 2584 2584 0 0 1031 0 0 0 217301 0 0 0 10363 10363 10363 10363 10363 0 0 10363 10363 10363 10363 10363 
315:/usr/local/share/lua/5.3/busted/core.lua
0 0 0 0 0 0 0 0 0 0 176 0 0 0 0 0 0 0 0 0 0 0 0 0 0 0 368 368 176 192 0 0 192 0 0 0 544 0 0 0 199 0 0 0 0 0 0 0 0 0 0 0 0 0 0 0 0 0 0 0 0 0 0 0 0 0 0 0 0 2753 2753 0 2753 2753 3282 2929 529 529 0 0 2753 2753 0 2753 2753 0 0 0 368 368 368 368 0 368 368 0 0 0 0 0 368 0 0 0 8293 0 0 0 2883 0 0 0 0 0 0 0 3121 0 9885 9885 145 145 145 145 145 145 0 0 9740 2976 2976 2976 2976 2976 0 0 6764 0 0 0 0 0 0 176 176 176 176 176 176 0 0 0 0 0 0 0 0 0 0 0 0 0 0 0 0 0 199 0 199 0 199 0 0 10363 10363 10363 0 20726 368 368 368 21094 0 10363 368 0 0 0 368 0 0 0 0 0 0 0 0 0 0 0 368 0 10363 0 10363 10363 0 0 0 5248 5248 5248 2624 2624 2624 2624 2624 2624 0 10496 5248 10496 5248 0 0 0 0 0 0 0 0 0 0 0 0 0 0 0 0 0 0 0 0 0 0 0 0 0 0 0 0 0 0 0 0 0 0 0 2584 53 53 0 0 2584 0 2584 2584 2385 0 0 0 2584 5168 0 2584 2584 0 0 0 0 0 0 2584 2584 2584 2584 2584 2584 2584 2584 2584 2584 2584 2584 0 0 2584 0 2584 986 0 1598 0 2584 0 0 0 938 3522 2584 2584 5062 2531 0 938 
31:/usr/local/share/lua/5.3/busted/environment.lua
0 0 0 0 0 0 0 191590 0 189875 160100 189875 0 0 0 0 0 0 0 0 31490 0 0 0 0 0 0 0 0 0 199 
72:/usr/local/share/lua/5.3/busted/execute.lua
93 93 93 0 0 0 0 0 0 0 0 0 93 0 0 93 0 0 93 93 0 0 0 0 0 0 0 0 0 0 0 0 0 0 0 0 0 0 93 0 186 93 0 0 0 0 0 93 0 93 0 0 0 0 93 93 93 93 0 93 93 0 93 0 93 0 0 0 186 0 93 93 
127:/usr/local/share/lua/5.3/busted/init.lua
0 0 0 0 199 199 199 0 199 199 0 0 649 649 649 0 649 649 0 0 1683 1683 0 1683 0 0 0 0 1683 0 1683 1683 1683 0 1683 0 1683 1683 1683 1683 1683 0 0 0 0 0 0 1683 0 0 1683 1683 0 0 0 0 0 0 0 0 0 0 0 0 0 0 0 0 0 0 0 0 0 0 0 0 0 0 0 0 0 0 0 0 0 0 0 0 0 0 0 0 0 0 0 0 0 0 0 0 0 0 0 0 0 0 0 0 0 0 0 0 0 0 0 0 0 0 0 0 0 0 0 0 0 0 8758 
50:/usr/local/share/lua/5.3/busted/languages/en.lua
93 0 93 0 0 93 93 93 93 0 93 93 93 93 0 93 93 93 93 0 93 93 93 93 0 93 0 93 93 0 0 93 93 93 93 93 93 93 93 93 0 93 93 93 93 93 93 0 93 93 
23:/usr/local/share/lua/5.3/busted/modules/files/lua.lua
93 0 93 0 0 2753 2753 2753 93 0 0 199 93 0 0 199 199 0 0 199 93 0 93 
107:/usr/local/share/lua/5.3/busted/modules/files/moonscript.lua
93 0 186 93 93 0 93 0 0 0 0 0 0 0 0 0 0 93 0 0 0 0 0 0 0 0 0 0 0 0 93 0 0 0 0 0 93 0 0 0 0 0 0 0 0 0 0 0 0 0 0 0 0 0 0 0 0 0 0 0 0 0 0 0 0 0 93 0 93 0 0 0 0 0 0 0 0 0 0 0 93 0 0 0 0 0 0 0 0 0 0 0 93 0 0 0 93 0 0 0 0 0 0 0 93 0 93 
129:/usr/local/share/lua/5.3/busted/modules/filter_loader.lua
0 0 0 1683 1683 0 7171 7171 5488 5488 0 0 1683 93 0 0 0 0 93 0 0 2332 0 0 0 0 2332 93 0 0 1683 1683 0 0 0 0 1683 93 0 0 2332 0 0 0 0 2332 93 0 0 1683 0 0 0 0 1683 93 0 0 0 0 0 0 0 0 0 0 0 93 0 0 0 93 0 93 0 0 0 0 0 0 93 0 0 0 93 0 0 744 1302 930 0 0 837 0 0 0 0 0 0 0 0 93 0 93 0 0 0 0 0 0 0 0 0 0 0 0 0 0 93 93 93 93 0 0 93 93 93 93 93 
34:/usr/local/share/lua/5.3/busted/modules/output_handler_loader.lua
0 0 0 0 0 0 93 0 93 186 93 0 93 0 0 93 0 186 0 93 0 0 0 93 0 0 0 0 93 0 0 0 93 93 
101:/usr/local/share/lua/5.3/busted/modules/test_file_loader.lua
93 0 0 93 93 93 93 0 279 186 186 0 0 0 93 0 93 40 53 53 53 0 106 212 212 0 0 0 0 265 212 159 0 0 53 106 0 106 159 0 0 159 0 106 0 0 0 0 0 93 93 93 0 0 93 186 93 0 93 93 0 0 0 199 199 199 0 0 93 0 0 93 0 292 199 0 199 398 199 199 199 199 0 0 199 0 0 0 93 0 0 0 0 0 0 0 93 93 0 93 93 
179:/usr/local/share/lua/5.3/busted/outputHandlers/base.lua
0 93 93 93 93 93 93 93 93 93 93 93 0 0 0 5049 93 0 0 93 93 0 93 0 0 0 93 93 93 93 93 93 93 93 93 93 186 0 0 1686 1686 0 7177 7175 0 5491 5491 0 0 1686 93 0 0 0 1686 19126 17440 14070 0 0 1686 1686 0 1686 1686 1686 1686 1686 1686 1686 0 1686 0 1686 93 0 0 93 0 0 0 93 93 0 0 93 93 93 93 0 0 0 0 0 0 0 0 0 0 0 0 0 93 0 0 93 93 93 93 0 0 1683 1683 93 0 0 1683 0 1683 1318 1318 365 0 0 365 0 176 176 189 0 189 189 0 0 1318 0 1318 1318 1318 0 0 0 1318 0 0 1318 0 1318 93 0 0 0 0 0 0 93 0 0 176 176 93 0 0 189 189 189 93 0 0 368 3 3 0 0 368 93 0 93 93 
188:/usr/local/share/lua/5.3/busted/outputHandlers/utfTerminal.lua
93 93 93 0 93 0 93 0 0 0 93 0 0 0 93 93 0 93 93 93 93 0 0 0 0 0 0 0 0 0 0 0 0 0 0 0 0 93 0 0 368 368 368 0 0 0 0 0 0 368 93 0 0 368 368 192 0 0 368 0 0 0 0 368 368 368 736 368 0 0 368 0 0 0 368 93 0 0 93 93 93 93 0 93 93 93 93 93 0 93 6 87 1 0 0 93 48 45 26 0 0 93 93 0 0 0 0 93 69 24 13 0 0 93 0 93 93 93 93 93 93 0 0 1683 1683 0 1683 0 1683 176 1507 189 0 0 1683 1683 0 0 1683 93 0 0 93 93 93 0 93 93 0 0 93 93 0 93 0 0 0 0 269 176 176 0 0 285 192 192 0 0 93 93 0 0 3 3 0 3 93 0 93 93 93 93 93 93 93 0 93 93 
208:/usr/local/share/lua/5.3/busted/runner.lua
0 0 0 0 0 0 0 0 0 0 0 0 0 0 0 0 0 0 0 0 0 0 0 0 0 0 0 0 0 0 0 0 0 0 0 0 0 0 0 0 0 0 0 0 0 0 0 0 0 0 0 0 0 0 0 0 0 0 0 93 0 0 0 0 0 0 93 0 0 0 0 93 0 0 0 0 0 93 93 0 0 93 93 0 0 0 93 93 0 0 0 0 0 93 93 93 0 186 0 0 93 0 186 0 0 93 0 186 192 192 192 93 0 186 176 176 0 0 0 176 176 93 0 0 93 93 93 0 0 186 93 93 93 93 93 93 93 0 0 0 93 93 0 0 0 0 0 0 0 0 0 0 0 0 0 0 0 0 0 93 0 0 0 0 0 0 0 0 186 93 93 93 93 93 93 93 0 0 93 0 93 93 93 186 93 93 93 93 0 0 0 0 0 0 93 93 186 93 93 93 0 0 93 0 93 54 0 39 
42:/usr/local/share/lua/5.3/busted/status.lua
0 13729 13729 13729 13729 13729 13729 13729 13729 0 13729 0 0 0 12046 12046 18195 12046 12046 12046 0 0 0 12046 0 0 0 12046 0 0 0 1683 1683 1683 0 13729 0 0 24092 12046 15412 12046 
35:/usr/local/share/lua/5.3/busted/utils.lua
0 0 0 93 93 465 372 372 0 0 93 0 0 0 0 0 0 0 0 0 0 0 0 0 0 0 93 93 93 93 93 465 372 0 93 
65:/usr/local/share/lua/5.3/luarocks/core/path.lua
0 0 0 0 0 0 0 0 0 0 0 0 0 0 0 0 0 0 0 0 0 0 0 0 0 0 0 0 0 0 0 0 0 0 0 0 0 0 0 0 0 0 0 0 797 0 797 797 797 0 0 0 0 0 0 0 0 0 0 0 0 0 797 797 797 
128:/usr/local/share/lua/5.3/luarocks/core/vers.lua
0 0 0 0 0 0 0 0 0 0 0 0 0 0 0 0 0 0 0 0 0 0 0 0 0 0 0 0 0 0 0 0 0 0 0 0 0 0 0 0 0 0 0 0 0 0 0 0 0 0 0 0 0 0 0 0 0 0 0 0 0 0 0 0 0 0 0 0 0 0 0 0 0 0 0 0 0 0 0 0 0 0 0 146 146 0 146 146 140 0 0 6 6 0 0 18 18 24 0 0 6 6 0 6 6 6 6 0 24 0 18 18 18 0 0 0 0 0 0 0 0 0 0 18 0 6 6 6 
261:/usr/local/share/lua/5.3/luarocks/loader.lua
0 0 0 0 0 0 0 0 0 0 0 0 0 0 0 0 0 0 0 0 0 0 0 0 0 0 0 0 0 0 0 0 0 0 0 0 0 0 0 0 0 0 0 0 0 0 0 0 0 0 0 0 0 0 0 0 0 0 0 0 0 0 0 0 0 0 0 0 0 0 0 0 0 0 0 0 0 0 0 0 0 0 0 0 0 146 0 0 0 0 0 0 146 146 0 0 0 0 0 0 0 0 0 0 0 0 0 0 0 0 0 0 0 0 0 0 0 0 0 0 0 0 0 0 0 0 0 0 0 0 0 0 0 0 0 0 0 0 0 0 0 0 0 0 0 0 0 0 0 0 438 438 292 292 146 0 0 0 0 0 0 0 943 797 797 797 0 0 797 797 651 0 146 146 0 146 0 0 0 0 0 0 0 0 0 0 0 0 0 0 0 0 0 1205 0 0 0 1205 1205 2410 1205 1205 797 0 408 408 408 0 0 0 0 0 1205 146 146 146 0 1059 0 0 0 0 0 0 0 0 0 0 2410 797 0 0 797 1205 0 0 0 0 0 0 0 0 0 0 0 0 0 0 0 0 0 0 0 0 0 1205 1205 1059 0 146 146 
177:/usr/local/share/lua/5.3/luassert/assert.lua
0 0 0 0 0 0 0 0 0 0 0 176 0 176 0 0 176 176 0 0 176 0 0 0 0 0 2149 0 2149 0 7414 5265 0 0 2149 7326 5221 3116 0 0 0 2105 2105 2105 0 2105 176 176 139 0 176 176 0 0 1929 674 0 1255 0 44 44 44 0 88 44 44 0 0 0 0 44 0 0 0 10015 5805 0 0 4210 0 0 0 0 2105 0 0 0 210 210 0 0 210 210 210 210 210 210 210 0 0 0 0 0 0 0 0 0 0 0 0 0 0 0 0 0 0 0 0 0 0 0 176 176 528 352 162 162 162 162 0 0 176 0 0 0 0 0 0 0 12 0 0 0 53 53 0 0 0 0 0 0 0 0 0 0 0 0 0 0 0 0 0 0 0 0 0 0 0 1532 0 0 0 1532 0 0 0 2105 
175:/usr/local/share/lua/5.3/luassert/assertions.lua
0 0 0 0 0 0 0 0 0 0 0 0 0 0 0 0 0 0 1576 0 0 1576 0 0 0 0 0 0 0 0 0 0 0 0 0 0 0 0 0 0 0 0 0 0 0 0 0 0 0 0 0 0 0 0 0 0 0 0 0 0 0 0 0 0 0 0 0 0 0 0 0 0 0 0 0 0 0 0 0 0 0 0 0 0 0 0 0 0 0 0 0 0 0 0 0 0 0 0 0 0 0 0 0 0 0 0 0 0 0 0 0 0 0 0 0 0 0 0 0 0 0 0 0 701 701 701 701 241 0 241 241 241 241 241 241 0 460 0 460 460 460 0 0 0 44 44 0 0 0 0 0 0 0 831 831 831 831 831 831 831 831 0 187 0 831 831 831 831 831 831 831 831 0 831 831 
202:/usr/local/share/lua/5.3/luassert/formatters/init.lua
0 0 0 0 2 0 0 0 0 0 0 0 0 0 0 0 0 0 0 0 0 138 138 0 0 0 0 0 30 24 0 0 6 0 6 0 6 0 0 0 6 0 6 0 0 0 0 0 6 0 0 0 138 0 0 138 0 0 142 4 0 138 0 0 159 17 0 142 0 0 0 0 0 0 0 0 0 0 0 0 54 0 0 0 3 3 0 18 15 15 0 0 3 0 0 27 27 27 0 27 27 27 0 0 0 0 0 0 3 0 3 3 0 0 0 162 159 0 0 3 3 3 3 3 3 3 0 3 3 0 0 0 0 0 0 0 0 0 0 0 0 3 0 0 0 3 0 0 0 3 0 0 0 3 3 0 3 3 0 18 15 15 15 0 15 0 15 9 0 0 15 15 15 15 0 0 3 0 3 3 0 3 0 0 0 162 0 0 0 162 0 0 162 0 0 162 0 0 162 0 0 162 
65:/usr/local/share/lua/5.3/luassert/match.lua
0 0 0 0 0 0 0 0 0 0 0 0 0 0 0 0 0 0 0 0 0 0 0 0 0 0 0 0 0 0 0 0 0 0 0 0 0 0 0 0 0 0 0 0 0 0 0 0 0 0 0 0 0 0 0 0 0 0 0 0 0 0 0 0 1110 
59:/usr/local/share/lua/5.3/luassert/mock.lua
0 0 0 0 0 0 0 0 0 0 0 0 0 0 0 0 0 0 53 0 106 0 53 53 106 53 0 53 106 0 53 0 53 0 0 53 0 106 0 106 106 53 53 0 0 0 0 0 0 0 0 0 0 0 0 0 0 0 53 
10:/usr/local/share/lua/5.3/luassert/modifiers.lua
0 0 0 0 2061 0 0 0 1055 1055 
130:/usr/local/share/lua/5.3/luassert/spy.lua
0 0 0 0 0 0 0 141 141 141 0 132 132 132 132 141 141 0 0 0 0 0 0 53 53 0 0 106 53 53 53 0 53 53 0 0 0 0 0 0 0 0 0 53 0 0 0 0 0 53 0 0 44 0 0 0 0 44 53 0 0 0 53 0 0 0 53 53 53 53 0 0 0 9206 0 0 0 53 53 0 53 53 0 53 0 0 0 0 44 44 0 0 44 0 0 0 0 0 0 0 0 0 0 0 0 0 0 0 0 0 0 0 0 0 0 44 44 44 0 0 0 44 44 44 44 44 44 44 44 44 
124:/usr/local/share/lua/5.3/luassert/state.lua
0 0 0 0 0 0 0 0 0 0 0 0 0 0 0 0 0 0 0 0 0 0 0 0 0 0 0 0 0 0 0 0 0 0 0 0 0 0 0 0 0 0 0 0 0 0 0 0 0 0 0 0 0 0 0 0 0 0 0 0 0 0 0 0 0 0 0 0 0 0 0 0 0 0 0 0 0 0 0 0 0 0 0 0 0 0 0 0 162 1225 1225 1225 0 0 0 0 0 0 0 0 0 0 0 0 0 0 0 0 12 12 12 0 0 0 12 12 0 0 0 0 0 0 53 53 
283:/usr/local/share/lua/5.3/luassert/util.lua
0 0 259 259 0 259 242 242 0 242 0 0 0 242 0 0 0 12 12 12 12 12 0 0 0 12 0 0 0 12 12 0 25 19 19 1 0 0 18 18 5 5 5 0 0 18 0 0 12 0 0 6 6 0 6 0 0 0 1104 1104 3876 2772 0 1104 0 0 0 9012 9012 2410 0 0 2410 2410 2410 0 10453 8043 0 2410 0 0 2410 0 2410 0 0 0 0 0 0 0 273 273 273 1383 1110 0 273 0 0 0 0 0 0 0 0 0 0 0 0 0 0 0 0 0 0 0 0 0 0 0 0 0 0 0 0 0 0 0 0 0 0 0 0 0 0 0 0 0 0 0 0 0 0 0 0 0 0 0 0 0 0 745 745 745 745 745 745 0 0 0 0 745 745 0 745 0 44 44 0 0 1446 701 0 0 745 745 0 0 0 0 0 0 0 0 0 701 701 0 701 0 0 0 0 0 701 0 1402 701 0 0 701 701 701 0 0 0 0 0 0 0 0 0 884 0 0 0 0 0 0 0 0 176 0 0 0 0 0 0 0 0 2325 2325 2325 2325 4650 2325 2325 2325 0 2325 2325 0 0 0 0 0 0 0 0 2149 0 0 2149 2149 2149 7684 5535 5535 0 0 5535 5805 270 270 270 270 0 0 5535 5265 5265 0 5535 0 0 0 2149 0 0 0 2149 
154:/usr/local/share/lua/5.3/mediator.lua
0 2883 0 0 0 2883 2883 2883 2883 0 0 0 0 0 2883 0 2883 2883 0 0 0 0 0 2313 2313 2313 2313 2313 2313 0 0 2883 2883 0 2883 0 2883 1860 1860 0 1395 0 0 2883 0 2883 2313 0 0 0 0 0 0 0 0 0 0 0 0 2313 0 0 0 0 0 0 0 0 2313 0 0 2313 2313 2313 0 0 0 2313 0 0 21794 2313 0 0 0 0 0 0 0 0 0 0 0 2313 0 0 34173 17139 0 0 17139 0 17139 0 17139 17139 0 0 0 17034 11325 0 5709 0 2313 2313 0 0 0 0 0 0 0 0 0 0 0 0 0 0 0 11176 0 32970 21794 0 0 11176 0 0 0 2883 0 0 0 0 0 0 0 0 0 0 0 8293 
565:/usr/local/share/lua/5.3/pl/List.lua
0 0 0 0 0 0 0 0 0 0 0 0 0 0 0 0 0 0 0 0 53 53 53 53 53 53 53 0 53 53 0 0 53 53 0 53 0 53 0 0 0 0 0 0 0 0 53 0 0 0 53 0 53 0 53 0 53 0 0 0 0 0 0 53 0 0 0 0 0 0 0 0 0 0 0 0 53 0 0 0 0 53 0 0 0 53 0 0 0 0 53 0 0 53 0 53 0 0 0 0 0 53 0 0 0 53 0 0 0 0 0 0 53 0 0 0 53 0 0 0 0 53 0 53 0 0 0 0 0 53 0 0 0 53 0 0 0 0 0 0 0 53 0 0 0 0 53 0 0 0 0 0 0 53 0 0 0 53 0 53 0 0 0 0 0 0 0 0 53 53 0 0 0 0 53 0 53 0 0 0 0 53 0 0 0 0 0 53 0 0 0 0 53 0 0 0 53 0 0 0 0 53 0 53 0 0 0 53 0 0 0 0 0 0 0 53 0 0 0 0 53 0 0 0 0 0 0 0 53 0 0 0 0 0 0 0 0 53 0 53 0 0 0 53 0 0 53 0 53 0 0 0 0 0 0 0 0 0 0 0 53 0 0 0 0 0 0 0 0 0 0 0 0 0 0 0 53 0 0 53 0 53 0 0 0 0 0 0 0 0 53 0 53 0 0 0 0 0 0 0 53 0 0 0 0 0 0 0 0 53 0 0 0 0 0 0 53 0 0 0 0 0 0 53 0 0 0 0 0 53 0 0 0 0 53 0 0 0 0 0 53 0 0 0 0 0 53 0 0 0 0 0 53 0 0 0 53 0 0 0 0 0 0 53 0 0 0 0 0 0 0 53 0 0 0 0 53 0 53 0 0 0 0 53 0 0 0 0 53 0 0 0 0 0 53 0 0 0 0 53 0 0 0 0 0 53 0 0 0 0 0 53 0 53 0 0 0 0 0 0 53 0 0 53 0 0 0 0 0 0 0 0 53 0 53 0 0 0 0 0 0 53 0 0 53 0 0 0 0 0 0 0 0 53 0 53 0 0 0 0 0 0 0 53 0 0 0 0 0 0 0 53 0 0 0 0 0 53 0 53 0 0 0 0 0 0 0 0 0 0 0 53 0 53 0 0 0 0 0 53 0 53 0 0 0 0 0 0 0 0 53 0 0 0 0 0 0 0 0 0 0 53 0 0 53 0 53 0 0 0 0 0 0 0 53 0 0 0 0 0 0 0 0 0 0 0 0 0 0 0 0 0 0 0 0 0 0 0 0 0 0 53 53 0 53 
214:/usr/local/share/lua/5.3/pl/class.lua
0 0 0 0 0 0 0 0 0 0 0 0 0 0 0 0 0 0 0 0 0 0 0 0 0 0 0 0 0 0 0 0 0 0 0 0 0 0 0 0 0 0 0 0 0 0 0 0 0 0 0 0 0 0 0 0 0 0 0 0 0 0 0 0 0 0 0 0 0 0 0 0 0 0 0 0 0 0 0 0 0 0 0 0 0 0 0 0 0 0 0 0 0 0 0 0 0 0 0 0 0 0 0 0 0 0 0 0 0 0 0 0 0 0 0 0 0 0 0 0 0 0 0 0 53 0 53 53 0 0 0 53 0 0 53 0 0 0 0 0 0 53 0 0 0 53 53 53 53 0 0 53 0 0 0 0 0 0 0 0 0 0 0 0 0 0 0 0 0 0 0 0 0 0 0 0 0 0 53 0 0 0 0 0 0 0 0 53 53 53 53 53 0 53 53 0 0 53 0 0 0 0 0 0 0 0 0 0 0 0 0 0 0 53 
475:/usr/local/share/lua/5.3/pl/dir.lua
0 0 0 0 0 0 0 93 93 93 93 93 93 93 93 93 93 93 93 93 0 93 0 0 53 93 0 0 53 146 0 0 212 212 93 0 0 0 0 0 0 0 0 0 0 93 0 0 0 93 0 0 0 0 0 0 93 0 0 0 0 0 0 0 0 93 0 0 0 0 0 0 0 0 0 0 0 0 0 0 93 0 0 0 0 0 0 93 0 0 0 0 0 0 0 0 0 0 93 0 0 0 0 0 93 0 0 93 0 93 0 0 0 0 0 0 0 0 0 0 0 0 0 0 93 0 0 0 0 0 0 0 0 0 0 0 0 0 0 0 0 0 0 0 0 0 0 0 0 0 0 0 0 0 0 0 0 0 0 0 0 0 0 0 0 0 0 0 0 0 0 0 0 0 0 0 0 0 0 0 0 0 93 0 0 0 93 0 0 0 0 0 0 0 0 0 0 0 0 0 0 0 0 0 0 0 0 0 0 0 0 0 0 0 0 0 0 0 0 0 0 0 0 0 0 0 0 0 93 0 0 0 0 0 0 0 93 0 0 0 0 93 0 0 0 0 0 0 93 0 0 0 93 0 0 0 0 0 0 0 0 0 0 0 0 0 0 0 0 93 0 0 0 0 0 0 0 0 0 93 0 0 0 0 0 0 0 0 0 0 0 0 0 0 93 0 0 0 0 0 0 0 0 93 0 0 0 0 0 0 93 0 0 0 0 0 0 0 0 0 0 0 93 0 93 93 0 0 93 0 0 93 93 0 0 0 0 0 0 0 0 0 0 0 0 93 0 0 0 0 0 0 93 0 0 0 0 0 93 0 0 0 0 0 0 0 0 0 0 0 0 0 0 93 0 0 0 0 0 0 0 0 0 0 0 0 0 0 0 0 0 0 0 0 0 0 0 0 0 0 0 0 0 0 0 0 0 0 0 0 0 0 0 0 0 93 0 0 0 0 0 93 53 53 53 0 53 53 53 0 0 0 583 477 265 265 265 265 265 53 0 0 0 0 159 0 106 93 0 0 0 0 0 0 0 0 93 53 53 0 53 53 318 265 212 212 212 0 0 0 0 53 93 0 93 
306:/usr/local/share/lua/5.3/pl/lexer.lua
0 0 0 0 0 0 0 0 0 0 0 0 0 0 0 0 0 0 0 0 0 0 0 0 0 0 0 0 0 0 0 0 0 0 0 0 0 0 0 0 0 0 0 0 0 0 0 0 0 0 0 0 0 0 0 0 0 0 0 0 0 0 0 0 0 0 0 0 0 0 0 0 0 0 0 0 0 0 0 0 0 0 0 0 0 0 0 0 0 0 0 0 0 0 0 0 0 0 0 0 0 0 0 0 0 0 0 0 0 0 0 0 0 0 0 0 0 0 0 0 0 0 0 0 0 0 0 0 0 0 0 0 0 0 0 0 0 0 0 0 0 0 0 0 0 0 0 0 0 0 0 0 0 0 0 0 0 0 0 0 0 0 0 0 0 0 0 0 0 0 0 0 0 0 0 0 0 0 0 0 0 0 0 0 0 0 0 0 0 0 0 0 0 0 0 0 0 0 0 0 0 0 0 0 0 0 0 0 0 0 0 0 0 0 0 0 0 0 0 0 0 0 0 0 0 0 0 0 0 0 0 0 0 0 0 0 0 0 0 0 0 0 0 0 0 0 0 0 0 0 0 0 0 0 0 0 0 0 0 0 0 0 0 0 0 0 0 0 0 0 0 0 0 0 0 0 0 0 0 0 0 0 0 0 0 0 0 0 0 0 0 0 0 0 49 49 49 49 49 49 49 49 49 49 0 49 
275:/usr/local/share/lua/5.3/pl/path.lua
0 0 0 0 0 0 0 0 0 0 0 0 0 0 0 0 0 0 0 0 0 0 0 0 0 0 0 0 0 0 0 0 0 0 0 0 0 0 0 0 0 0 0 0 0 0 0 0 0 0 0 0 0 0 371 371 0 0 371 0 0 0 0 0 93 93 0 0 0 0 0 0 0 0 0 0 0 0 0 0 0 0 0 0 0 0 0 0 0 0 265 265 0 0 0 0 0 0 0 0 0 0 0 0 0 0 0 0 0 0 0 0 0 0 0 0 0 77734 0 0 0 0 0 0 0 0 0 0 0 0 0 0 0 0 0 0 0 0 0 0 0 0 0 0 0 0 0 0 0 5894 5894 5894 76938 71044 71044 0 5894 0 0 5894 0 0 0 0 0 0 0 0 0 0 0 0 0 0 0 0 0 0 0 0 0 0 0 0 0 0 0 199 199 199 796 597 0 0 597 597 0 199 0 0 199 0 0 0 0 0 0 5682 5682 5682 0 0 0 0 0 212 212 212 0 0 0 0 0 199 199 199 0 0 0 0 0 0 0 0 0 0 0 0 0 0 0 0 0 0 0 0 0 0 0 0 0 0 0 0 0 0 0 0 0 0 0 0 0 0 0 0 0 0 0 0 424 424 0 0 424 
307:/usr/local/share/lua/5.3/pl/pretty.lua
0 0 0 0 0 0 0 0 0 0 0 0 0 0 0 0 0 0 0 0 0 0 0 1259 462 797 0 797 0 797 0 797 774 0 23 23 0 0 0 0 23 0 0 0 0 0 0 0 0 0 0 0 0 0 0 0 0 0 0 0 0 0 0 0 0 0 0 0 0 0 0 0 0 0 0 0 0 0 0 0 0 0 0 0 0 0 0 0 0 0 0 0 0 0 0 0 0 0 0 0 0 0 0 0 0 0 0 0 0 0 0 0 0 0 0 0 0 0 0 0 0 0 0 0 0 0 0 0 0 0 0 0 0 0 1124 0 0 1124 0 1124 0 0 0 0 0 3464 0 0 0 176 0 0 0 176 0 0 0 0 0 308 176 176 0 308 0 0 0 0 0 0 0 0 0 0 0 0 0 0 0 0 74 3 3 3 0 71 49 0 71 71 71 71 71 71 0 0 0 3948 3948 0 4019 0 0 5072 3948 3948 3948 0 1124 0 5143 0 0 1124 1124 1124 1019 0 1195 0 0 71 0 4019 4019 1124 2895 0 0 0 0 0 0 1842 1053 1053 0 0 0 1053 1053 1053 1053 1053 1405 352 352 352 0 0 1053 5001 3948 3464 0 0 1053 0 3948 3948 3948 0 0 0 0 3948 3596 132 0 3596 308 0 3596 3596 0 0 5001 4517 3464 3464 3464 0 5001 3948 484 0 0 1053 1053 1053 0 0 0 4090 71 71 71 0 0 0 0 0 0 0 74 74 74 
557:/usr/local/share/lua/5.3/pl/stringx.lua
0 0 0 0 0 0 0 0 0 0 0 0 0 0 0 0 0 0 0 0 0 0 0 0 0 0 0 2067 2067 0 0 0 0 0 0 0 0 0 0 0 0 0 0 0 0 0 0 0 0 0 0 0 0 0 0 0 0 0 0 0 0 0 0 0 0 0 0 0 0 0 0 0 0 0 0 0 0 0 0 0 0 0 0 0 0 0 0 0 0 0 0 0 0 0 0 0 0 0 0 0 0 0 0 0 0 0 0 0 0 0 0 0 0 0 0 0 0 0 0 0 0 0 0 0 0 0 0 0 0 0 0 0 0 0 0 0 0 0 0 0 0 0 0 0 0 0 0 0 0 0 0 0 0 0 0 0 0 0 0 0 0 0 0 0 0 0 0 0 0 0 0 0 0 0 0 0 0 0 0 0 0 0 0 0 0 0 0 0 0 0 0 0 0 0 0 0 0 0 0 0 0 0 0 0 0 0 0 0 0 0 0 0 0 0 0 0 0 0 0 0 0 0 0 0 0 0 0 0 0 0 0 0 0 0 0 0 0 0 0 0 0 0 0 0 0 0 0 0 0 0 0 0 0 0 0 0 0 0 0 0 0 0 0 0 0 0 0 0 0 0 0 0 0 0 0 0 0 0 0 0 0 0 0 0 0 0 0 0 0 0 0 0 0 0 0 0 0 0 0 0 0 0 0 0 0 0 0 0 0 0 0 0 0 0 0 0 0 0 0 0 0 0 0 0 0 0 0 0 0 0 0 0 0 0 0 0 0 0 0 0 0 0 0 0 0 0 0 0 0 0 0 0 0 0 0 0 0 0 0 0 0 0 0 0 0 0 0 0 0 0 0 0 0 0 0 0 0 0 0 0 0 0 0 0 0 0 0 0 0 0 0 0 0 0 0 0 0 0 0 0 0 0 0 0 0 0 0 0 0 0 0 0 0 0 0 0 0 0 0 0 0 0 0 0 0 0 0 0 0 0 0 0 0 0 0 0 0 0 0 0 0 0 0 0 0 0 0 0 0 0 0 0 0 0 0 0 0 0 0 0 0 0 0 0 0 0 0 0 0 0 0 0 0 0 0 0 0 0 0 0 0 0 0 0 0 0 0 0 0 0 0 0 0 0 0 0 0 0 0 0 0 0 0 0 0 0 0 0 0 0 0 0 0 0 0 0 0 2067 2067 2067 0 2067 2067 0 0 2067 0 2067 0 0 0 0 0 0 2067 0 0 0 2067 0 0 0 2067 0 0 0 0 0 0 0 0 0 0 0 2067 0 2067 
830:/usr/local/share/lua/5.3/pl/tablex.lua
0 0 0 0 0 0 0 0 0 0 0 0 0 0 0 0 0 0 0 0 0 106 106 0 0 0 0 0 0 0 0 0 0 0 0 0 0 0 106 0 0 106 0 0 292 0 0 292 0 0 0 0 0 0 0 0 0 0 0 0 0 0 0 0 0 0 0 0 0 0 0 0 0 0 0 0 0 0 0 0 0 0 0 0 0 0 0 0 0 292 292 18759 18467 0 292 0 0 0 0 0 0 0 0 0 0 0 0 0 0 0 0 0 0 0 0 0 0 0 0 0 0 0 0 0 0 0 0 0 0 0 0 0 0 0 0 0 0 0 0 0 0 0 0 0 0 0 0 0 0 0 0 0 0 0 0 0 0 0 0 0 0 0 0 0 0 0 0 0 0 0 0 0 0 0 0 0 0 0 0 0 0 0 0 0 0 0 0 0 0 0 0 0 0 0 0 0 0 0 0 0 0 0 0 0 0 0 0 0 0 0 0 0 0 0 0 0 0 0 0 0 0 0 0 0 0 0 0 0 0 0 0 0 0 0 0 0 0 0 0 0 0 0 0 0 0 0 0 0 0 0 0 0 0 0 0 0 0 0 0 0 0 0 0 0 0 0 0 0 0 0 0 0 0 0 0 0 0 0 0 0 0 0 0 0 0 0 0 0 0 0 0 0 0 0 0 0 0 0 0 0 0 0 0 0 0 0 0 0 0 0 0 0 0 0 0 0 0 0 0 0 0 0 0 0 0 0 0 0 0 0 0 0 0 0 0 0 0 0 0 0 0 0 0 0 0 0 0 0 0 0 0 0 0 0 0 0 0 0 0 0 0 0 0 0 0 0 0 0 0 0 0 0 0 0 0 0 0 0 0 0 0 0 0 0 0 0 0 0 0 0 0 0 0 0 0 0 0 0 0 0 0 0 0 0 0 0 0 0 0 0 0 0 0 0 0 0 0 0 0 0 0 0 0 0 0 0 0 0 0 0 0 0 0 0 0 0 0 0 0 0 0 0 0 0 0 0 0 0 0 0 0 0 0 0 0 0 0 0 0 0 0 0 0 0 0 0 0 0 0 0 0 0 0 0 0 0 0 0 0 0 0 0 0 0 0 0 0 0 0 0 0 0 0 0 0 0 0 0 0 0 0 0 0 0 0 0 0 0 0 0 0 0 0 0 0 0 0 0 0 0 0 0 0 0 0 0 0 0 0 0 0 0 0 0 0 0 0 0 0 0 0 0 0 0 0 0 0 0 0 0 0 0 0 0 0 0 0 0 0 0 0 0 0 0 0 0 0 0 0 0 0 0 0 0 0 0 0 0 0 0 0 0 0 0 0 0 0 0 0 0 0 0 0 0 0 0 0 0 0 0 0 0 0 0 0 0 0 0 0 0 0 0 0 0 0 0 0 0 0 0 0 0 0 0 0 0 0 0 0 0 0 0 0 0 0 0 0 0 0 0 0 0 0 0 0 0 0 0 0 0 0 0 0 0 0 0 0 0 0 0 0 0 0 0 0 106 106 106 477 371 371 318 318 0 0 106 0 0 0 0 0 0 0 0 0 0 0 0 0 0 0 0 0 0 0 0 0 0 0 0 0 0 0 0 0 0 0 0 0 0 0 0 0 0 0 0 0 0 0 0 0 0 0 0 0 0 0 0 0 0 0 0 0 0 0 0 0 0 0 0 0 0 0 0 0 0 0 0 0 0 0 0 0 0 0 0 0 0 0 0 0 0 0 0 0 0 0 0 0 0 0 0 0 0 0 0 0 0 0 0 0 0 0 0 0 0 0 0 0 0 0 0 0 0 0 0 0 0 0 0 0 0 0 0 0 0 0 0 0 0 0 0 0 93 93 93 93 0 0 0 93 93 0 0 93 292 199 0 0 93 
115:/usr/local/share/lua/5.3/pl/types.lua
0 0 0 0 0 0 0 0 0 0 0 0 0 0 0 0 0 0 0 0 0 0 0 0 0 0 0 0 0 0 0 0 0 0 0 0 0 0 0 0 0 0 0 0 0 0 0 0 0 0 0 0 0 0 0 0 0 0 0 0 0 0 0 0 0 0 0 0 0 0 0 0 0 0 0 0 0 0 0 0 0 0 0 0 398 0 0 0 0 0 0 0 0 0 0 0 0 0 106 106 0 0 0 0 0 0 0 0 0 0 0 0 0 292 292 
462:/usr/local/share/lua/5.3/pl/utils.lua
0 0 0 0 0 0 0 0 0 0 0 0 0 0 0 0 0 0 0 0 0 0 0 0 0 0 0 0 0 0 0 0 0 0 0 0 0 0 0 0 0 0 0 0 0 0 0 0 0 0 0 0 0 0 0 0 0 0 0 0 0 0 0 0 0 0 0 0 0 0 0 0 0 0 0 0 0 0 0 0 0 0 0 0 0 0 0 0 0 0 0 0 0 0 0 0 0 0 0 0 0 0 0 0 0 0 0 0 0 0 0 0 0 0 0 0 0 0 0 0 0 0 0 0 0 0 0 0 0 0 0 0 0 0 0 0 0 0 0 0 0 0 0 0 0 0 0 0 0 0 0 0 0 0 0 0 0 0 0 0 0 0 0 0 0 0 0 0 0 0 0 0 0 0 0 0 0 0 0 0 0 0 0 0 0 15870 0 0 15870 0 0 15870 0 0 0 0 0 0 0 0 0 0 0 0 0 106 106 106 0 0 0 0 0 0 0 0 0 0 0 0 0 0 0 0 0 0 0 0 0 0 0 0 0 0 0 0 0 0 0 0 0 0 0 0 0 13551 0 0 0 0 0 0 0 0 0 0 0 0 0 0 0 0 0 0 0 0 0 0 0 0 0 0 0 0 0 0 0 0 0 0 0 0 0 0 0 0 0 0 0 0 0 0 0 0 0 0 0 0 0 0 0 0 0 0 0 0 0 0 0 0 0 0 0 0 0 0 0 0 0 0 0 0 0 0 0 0 0 0 0 0 0 0 0 0 0 0 0 0 0 0 0 0 0 0 0 0 0 0 0 0 0 0 0 0 0 0 0 0 0 0 0 0 0 0 0 0 0 0 0 0 0 0 0 0 0 0 0 0 0 0 0 0 0 0 0 0 0 0 0 0 0 0 0 0 0 0 0 0 0 0 0 0 0 0 0 0 0 0 0 0 0 0 0 0 0 0 0 0 0 0 0 0 0 0 0 0 0 0 0 0 0 0 0 0 0 0 0 0 0 0 0 0 0 0 0 0 0 0 0 0 0 0 0 0 0 0 0 0 0 0 212 212 
48:/usr/local/share/lua/5.3/say/init.lua
0 0 0 0 0 0 0 0 0 0 0 0 0 93 93 0 0 93 0 0 0 0 0 0 0 0 0 2187 2187 0 0 0 0 2989 0 2989 0 2989 0 0 2989 2989 0 8768 5779 0 0 2989 
39:/usr/local/share/lua/5.3/term/colors.lua
0 0 0 0 0 0 0 0 0 0 0 0 0 0 0 0 0 0 0 0 0 0 0 0 0 0 0 0 0 0 5002 0 0 0 5002 0 0 0 2501 
1:Test/Core/CompatibilityTest.lua
53 
46:Test/Core/ConstantsTest.lua
0 0 0 0 0 0 0 0 52 50 9 0 0 0 76 76 71 42 35 48 61 62 42 51 37 56 76 74 76 83 92 94 74 76 83 92 76 53 40 51 79 94 57 38 18 9 
27:Test/Core/ConstatsTest.lua
0 0 0 0 0 0 0 0 34 0 0 0 0 68 68 0 68 34 68 68 34 36 66 68 68 0 34 
353:Test/Core/SettingsTest.lua
0 0 0 0 0 0 0 0 53 53 53 2 0 0 0 102 55 2 102 55 142 56 603 163 93 176 82 409 82 57 46 72 18 84 78 96 106 40 65 8 47 69 79 28 67 14 80 46 92 59 25 41 71 79 28 64 8 50 69 79 31 61 11 80 46 92 59 25 41 71 79 28 64 8 50 69 79 31 61 11 80 46 92 59 25 41 71 79 28 64 8 50 69 79 31 61 11 80 46 92 59 25 41 71 79 28 64 8 50 69 79 31 61 11 80 46 92 59 25 41 71 79 88 42 92 78 99 46 65 8 47 72 79 34 61 22 64 54 84 67 33 33 63 79 88 102 100 106 59 64 21 36 61 75 46 59 42 52 54 48 51 26 19 52 48 82 63 34 33 58 70 43 59 17 48 62 69 40 53 36 49 29 16 49 36 82 60 34 30 55 66 81 89 46 62 15 42 56 61 35 59 38 48 50 44 47 22 19 52 40 78 55 30 33 54 64 35 53 10 42 55 67 35 53 35 48 28 16 49 34 81 58 33 30 54 64 79 87 44 60 13 42 55 61 35 59 38 48 50 44 47 22 19 52 40 78 55 30 33 54 64 35 53 10 42 55 67 35 53 35 48 28 16 49 34 81 58 33 30 54 64 79 87 44 84 28 65 42 49 45 51 27 69 28 48 51 48 28 67 27 48 47 44 36 72 65 17 44 24 26 11 28 34 32 32 47 42 14 28 26 33 37 49 44 20 37 33 38 35 52 45 21 34 27 36 34 54 66 69 57 30 41 22 18 11 14 17 16 16 6 7 2 1 
34:Test/Core/UtilityTest.lua
0 0 0 0 0 0 0 0 7 2 0 0 0 10 4 10 9 7 7 7 7 7 2 5 6 4 4 4 9 12 14 4 5 2 
27:Test/Lib/Core/Compatibility_spec.lua
0 24 12 12 24 24 11 22 165 89 101 154 178 89 12 88 100 113 77 154 0 154 77 77 77 154 231 
24:Test/Lib/Core/Utility_spec.lua
0 18 9 8 0 16 8 8 165 87 81 13 158 85 85 90 165 0 150 75 75 75 150 229 
18:Test/Lib/Data/Constant_spec.lua
0 0 0 0 0 0 0 6 5 3 0 4 2 1 1 1 3 8 
18:Test/Lib/Data/Constants_spec.lua
0 0 0 0 0 0 0 148 74 72 0 144 72 72 72 72 144 220 
607:Test/Lib/Data/Settings_spec.lua
0 0 0 0 0 0 0 148 74 72 73 77 143 139 71 138 136 68 142 78 12 134 134 67 133 67 68 119 133 67 68 72 135 134 138 10 12 111 205 202 195 188 196 209 207 202 204 192 227 104 65 69 68 59 101 105 63 73 61 55 102 95 48 51 54 48 94 99 48 51 49 46 93 97 19 86 48 44 51 80 48 83 86 49 43 47 87 80 41 42 81 81 80 80 43 83 79 39 34 35 75 79 40 40 75 80 80 81 51 33 33 66 66 33 33 66 66 66 66 33 33 33 66 66 33 33 66 66 66 66 35 64 64 32 32 32 64 64 32 32 64 64 64 64 32 32 32 64 64 32 32 64 64 64 64 32 32 32 64 64 32 32 64 64 64 64 32 32 32 64 64 32 32 64 64 64 64 32 32 32 64 64 32 32 64 64 64 64 32 32 32 64 64 32 32 64 64 64 64 32 32 32 64 64 32 32 64 64 64 64 32 32 32 64 64 32 32 64 64 64 64 32 32 32 64 64 32 32 64 64 64 64 32 32 32 64 64 32 32 64 64 64 64 32 32 32 64 64 32 32 64 64 64 64 32 32 32 64 64 32 32 64 64 64 64 32 32 32 64 64 32 32 64 64 64 64 32 64 64 32 32 32 64 64 32 32 64 64 64 64 32 32 32 64 64 32 32 64 64 64 64 32 32 32 64 64 32 32 64 64 64 64 32 32 32 64 64 32 32 64 64 64 64 32 32 32 64 64 32 32 64 64 64 64 32 32 32 64 64 32 32 64 64 64 64 32 32 32 64 64 32 32 64 64 64 64 3 52 36 31 31 57 36 57 62 36 31 31 57 62 36 31 57 62 62 62 36 31 31 57 62 36 31 57 62 62 62 36 31 31 31 35 36 7 35 35 59 59 33 33 29 34 35 55 58 51 52 32 32 28 49 51 31 32 52 49 51 52 32 32 28 49 51 31 32 52 49 51 52 32 32 28 49 51 31 32 52 49 51 52 32 32 28 49 51 31 32 52 49 51 52 32 32 28 53 52 28 28 50 50 52 50 26 50 50 30 30 26 48 50 30 30 50 48 50 50 30 30 26 48 50 30 30 50 48 50 50 30 30 26 48 50 30 30 50 48 50 50 30 30 24 50 50 28 28 52 46 52 50 4 48 28 28 30 50 26 50 50 30 30 26 50 52 28 28 51 49 52 52 26 48 51 29 30 52 50 47 48 26 28 28 25 47 50 28 28 50 49 46 48 26 26 48 50 44 44 32 34 34 17 17 34 34 34 34 17 17 34 34 34 34 17 17 17 17 34 34 17 17 34 34 34 34 19 16 32 32 32 32 16 16 32 32 32 32 16 16 16 32 32 16 16 31 32 32 32 48 
21:Test/Lib/Feature/Moon/Moon_spec.lua
0 0 0 0 0 0 0 18 5 21 15 12 7 17 0 24 29 0 14 14 21 
32:Test/Lib/Feature/Time/Time_spec.lua
0 0 0 0 0 0 0 18 5 19 10 10 9 11 8 12 11 22 21 13 9 9 13 12 7 12 14 10 4 14 16 15 
23:Test/Lib/ZoMock_spec.lua
0 0 0 0 0 0 0 2 1 0 0 0 0 0 0 0 0 0 0 0 0 0 2 
61:Test/ZoMock_spec.lua
0 0 0 0 0 0 0 122 61 4 120 119 63 64 120 120 62 64 63 62 120 120 63 61 61 63 118 116 2 118 117 117 59 60 118 117 59 59 60 118 119 0 116 116 58 58 58 116 116 58 58 58 116 116 171 2 2 1 2 2 3 
